

================================================================
== Vitis HLS Report for 'cnn_accel_Pipeline_VITIS_LOOP_148_1'
================================================================
* Date:           Thu Jul  2 00:49:42 2026

* Version:        2022.2 (Build 3670227 on Oct 13 2022)
* Project:        hls_minst_cnn
* Solution:       solution1 (Vivado IP Flow Target)
* Product family: zynq
* Target device:  xc7z020-clg400-1


================================================================
== Performance Estimates
================================================================
+ Timing: 
    * Summary: 
    +--------+----------+----------+------------+
    |  Clock |  Target  | Estimated| Uncertainty|
    +--------+----------+----------+------------+
    |ap_clk  |  10.00 ns|  5.077 ns|     2.70 ns|
    +--------+----------+----------+------------+

+ Latency: 
    * Summary: 
    +---------+---------+----------+----------+-----+-----+---------+
    |  Latency (cycles) |  Latency (absolute) |  Interval | Pipeline|
    |   min   |   max   |    min   |    max   | min | max |   Type  |
    +---------+---------+----------+----------+-----+-----+---------+
    |       37|       37|  0.370 us|  0.370 us|   37|   37|       no|
    +---------+---------+----------+----------+-----+-----+---------+

    + Detail: 
        * Instance: 
        N/A

        * Loop: 
        +--------------------+---------+---------+----------+-----------+-----------+------+----------+
        |                    |  Latency (cycles) | Iteration|  Initiation Interval  | Trip |          |
        |      Loop Name     |   min   |   max   |  Latency |  achieved |   target  | Count| Pipelined|
        +--------------------+---------+---------+----------+-----------+-----------+------+----------+
        |- VITIS_LOOP_148_1  |       35|       35|         5|          1|          1|    32|       yes|
        +--------------------+---------+---------+----------+-----------+-----------+------+----------+



================================================================
== Utilization Estimates
================================================================
* Summary: 
+-----------------+---------+-----+--------+-------+-----+
|       Name      | BRAM_18K| DSP |   FF   |  LUT  | URAM|
+-----------------+---------+-----+--------+-------+-----+
|DSP              |        -|    1|       -|      -|    -|
|Expression       |        -|    -|       0|     50|    -|
|FIFO             |        -|    -|       -|      -|    -|
|Instance         |        -|    -|       0|    142|    -|
|Memory           |        1|    -|       0|      0|    -|
|Multiplexer      |        -|    -|       -|     54|    -|
|Register         |        -|    -|     176|     64|    -|
+-----------------+---------+-----+--------+-------+-----+
|Total            |        1|    1|     176|    310|    0|
+-----------------+---------+-----+--------+-------+-----+
|Available        |      280|  220|  106400|  53200|    0|
+-----------------+---------+-----+--------+-------+-----+
|Utilization (%)  |       ~0|   ~0|      ~0|     ~0|    0|
+-----------------+---------+-----+--------+-------+-----+

+ Detail: 
    * Instance: 
    +-------------------+---------------+---------+----+---+-----+-----+
    |      Instance     |     Module    | BRAM_18K| DSP| FF| LUT | URAM|
    +-------------------+---------------+---------+----+---+-----+-----+
    |mux_325_8_1_1_U56  |mux_325_8_1_1  |        0|   0|  0|  142|    0|
    +-------------------+---------------+---------+----+---+-----+-----+
    |Total              |               |        0|   0|  0|  142|    0|
    +-------------------+---------------+---------+----+---+-----+-----+

    * DSP: 
    +---------------------------------+-----------------------------+--------------+
    |             Instance            |            Module           |  Expression  |
    +---------------------------------+-----------------------------+--------------+
    |mac_muladd_8s_8s_20s_20_4_1_U57  |mac_muladd_8s_8s_20s_20_4_1  |  i0 * i1 + i2|
    +---------------------------------+-----------------------------+--------------+

    * Memory: 
    +-----------+---------------------------------------------------------+---------+---+----+-----+------+-----+------+-------------+
    |   Memory  |                          Module                         | BRAM_18K| FF| LUT| URAM| Words| Bits| Banks| W*Bits*Banks|
    +-----------+---------------------------------------------------------+---------+---+----+-----+------+-----+------+-------------+
    |W_FC2_V_U  |cnn_accel_Pipeline_VITIS_LOOP_148_1_W_FC2_V_ROM_AUTO_1R  |        1|  0|   0|    0|   320|    8|     1|         2560|
    +-----------+---------------------------------------------------------+---------+---+----+-----+------+-----+------+-------------+
    |Total      |                                                         |        1|  0|   0|    0|   320|    8|     1|         2560|
    +-----------+---------------------------------------------------------+---------+---+----+-----+------+-----+------+-------------+

    * FIFO: 
    N/A

    * Expression: 
    +------------------------+----------+----+---+----+------------+------------+
    |      Variable Name     | Operation| DSP| FF| LUT| Bitwidth P0| Bitwidth P1|
    +------------------------+----------+----+---+----+------------+------------+
    |add_ln148_fu_377_p2     |         +|   0|  0|  14|           6|           1|
    |add_ln186_fu_387_p2     |         +|   0|  0|  14|           9|           9|
    |icmp_ln148_1_fu_472_p2  |      icmp|   0|  0|  10|           6|           7|
    |icmp_ln148_fu_371_p2    |      icmp|   0|  0|  10|           6|           7|
    |ap_enable_pp0           |       xor|   0|  0|   2|           1|           2|
    +------------------------+----------+----+---+----+------------+------------+
    |Total                   |          |   0|  0|  50|          28|          26|
    +------------------------+----------+----+---+----+------------+------------+

    * Multiplexer: 
    +-------------------------------+----+-----------+-----+-----------+
    |              Name             | LUT| Input Size| Bits| Total Bits|
    +-------------------------------+----+-----------+-----+-----------+
    |ap_done_int                    |   9|          2|    1|          2|
    |ap_enable_reg_pp0_iter1        |   9|          2|    1|          2|
    |ap_sig_allocacmp_i_1           |   9|          2|    6|         12|
    |ap_sig_allocacmp_score_V_load  |   9|          2|   20|         40|
    |i_fu_110                       |   9|          2|    6|         12|
    |score_V_fu_106                 |   9|          2|   20|         40|
    +-------------------------------+----+-----------+-----+-----------+
    |Total                          |  54|         12|   54|        108|
    +-------------------------------+----+-----------+-----+-----------+

    * Register: 
    +----------------------------------+----+----+-----+-----------+
    |               Name               | FF | LUT| Bits| Const Bits|
    +----------------------------------+----+----+-----+-----------+
    |ap_CS_fsm                         |   1|   0|    1|          0|
    |ap_done_reg                       |   1|   0|    1|          0|
    |ap_enable_reg_pp0_iter1           |   1|   0|    1|          0|
    |ap_enable_reg_pp0_iter2           |   1|   0|    1|          0|
    |ap_enable_reg_pp0_iter3           |   1|   0|    1|          0|
    |ap_enable_reg_pp0_iter4           |   1|   0|    1|          0|
    |ap_loop_exit_ready_pp0_iter1_reg  |   1|   0|    1|          0|
    |ap_loop_exit_ready_pp0_iter2_reg  |   1|   0|    1|          0|
    |ap_loop_exit_ready_pp0_iter3_reg  |   1|   0|    1|          0|
    |i_fu_110                          |   6|   0|    6|          0|
    |icmp_ln148_1_reg_540              |   1|   0|    1|          0|
    |logits_V_addr_reg_521             |   4|   0|    4|          0|
    |score_V_fu_106                    |  20|   0|   20|          0|
    |tmp_reg_535                       |   8|   0|    8|          0|
    |icmp_ln148_1_reg_540              |  64|  32|    1|          0|
    |logits_V_addr_reg_521             |  64|  32|    4|          0|
    +----------------------------------+----+----+-----+-----------+
    |Total                             | 176|  64|   53|          0|
    +----------------------------------+----+----+-----+-----------+



================================================================
== Interface
================================================================
* Summary: 
+-----------------------------------------------------------+-----+-----+------------+-----------------------------------------------------------+--------------+
|                         RTL Ports                         | Dir | Bits|  Protocol  |                       Source Object                       |    C Type    |
+-----------------------------------------------------------+-----+-----+------------+-----------------------------------------------------------+--------------+
|ap_clk                                                     |   in|    1|  ap_ctrl_hs|                        cnn_accel_Pipeline_VITIS_LOOP_148_1|  return value|
|ap_rst                                                     |   in|    1|  ap_ctrl_hs|                        cnn_accel_Pipeline_VITIS_LOOP_148_1|  return value|
|ap_start                                                   |   in|    1|  ap_ctrl_hs|                        cnn_accel_Pipeline_VITIS_LOOP_148_1|  return value|
|ap_done                                                    |  out|    1|  ap_ctrl_hs|                        cnn_accel_Pipeline_VITIS_LOOP_148_1|  return value|
|ap_idle                                                    |  out|    1|  ap_ctrl_hs|                        cnn_accel_Pipeline_VITIS_LOOP_148_1|  return value|
|ap_ready                                                   |  out|    1|  ap_ctrl_hs|                        cnn_accel_Pipeline_VITIS_LOOP_148_1|  return value|
|sext_ln147                                                 |   in|    9|     ap_none|                                                 sext_ln147|        scalar|
|zext_ln146                                                 |   in|    4|     ap_none|                                                 zext_ln146|        scalar|
|zext_ln186_1                                               |   in|    9|     ap_none|                                               zext_ln186_1|        scalar|
|cnn_accel_ap_int_8_const_ap_uint_4_fc1_load                |   in|    8|     ap_none|                cnn_accel_ap_int_8_const_ap_uint_4_fc1_load|        scalar|
|cnn_accel_ap_int_8_const_ap_uint_4_fc1_3_load              |   in|    8|     ap_none|              cnn_accel_ap_int_8_const_ap_uint_4_fc1_3_load|        scalar|
|cnn_accel_ap_int_8_const_ap_uint_4_fc1_4_load              |   in|    8|     ap_none|              cnn_accel_ap_int_8_const_ap_uint_4_fc1_4_load|        scalar|
|cnn_accel_ap_int_8_const_ap_uint_4_fc1_5_load              |   in|    8|     ap_none|              cnn_accel_ap_int_8_const_ap_uint_4_fc1_5_load|        scalar|
|cnn_accel_ap_int_8_const_ap_uint_4_fc1_6_load              |   in|    8|     ap_none|              cnn_accel_ap_int_8_const_ap_uint_4_fc1_6_load|        scalar|
|cnn_accel_ap_int_8_const_ap_uint_4_fc1_7_load              |   in|    8|     ap_none|              cnn_accel_ap_int_8_const_ap_uint_4_fc1_7_load|        scalar|
|cnn_accel_ap_int_8_const_ap_uint_4_fc1_8_load              |   in|    8|     ap_none|              cnn_accel_ap_int_8_const_ap_uint_4_fc1_8_load|        scalar|
|cnn_accel_ap_int_8_const_ap_uint_4_fc1_9_load              |   in|    8|     ap_none|              cnn_accel_ap_int_8_const_ap_uint_4_fc1_9_load|        scalar|
|cnn_accel_ap_int_8_const_ap_uint_4_fc1_10_load             |   in|    8|     ap_none|             cnn_accel_ap_int_8_const_ap_uint_4_fc1_10_load|        scalar|
|cnn_accel_ap_int_8_const_ap_uint_4_fc1_11_load             |   in|    8|     ap_none|             cnn_accel_ap_int_8_const_ap_uint_4_fc1_11_load|        scalar|
|p_ZZ9cnn_accelPK6ap_intILi8EER7ap_uintILi4EEE3fc1_10_load  |   in|    8|     ap_none|  p_ZZ9cnn_accelPK6ap_intILi8EER7ap_uintILi4EEE3fc1_10_load|        scalar|
|cnn_accel_ap_int_8_const_ap_uint_4_fc1_31                  |   in|    8|     ap_none|                  cnn_accel_ap_int_8_const_ap_uint_4_fc1_31|        scalar|
|cnn_accel_ap_int_8_const_ap_uint_4_fc1_32                  |   in|    8|     ap_none|                  cnn_accel_ap_int_8_const_ap_uint_4_fc1_32|        scalar|
|cnn_accel_ap_int_8_const_ap_uint_4_fc1_33                  |   in|    8|     ap_none|                  cnn_accel_ap_int_8_const_ap_uint_4_fc1_33|        scalar|
|cnn_accel_ap_int_8_const_ap_uint_4_fc1_34                  |   in|    8|     ap_none|                  cnn_accel_ap_int_8_const_ap_uint_4_fc1_34|        scalar|
|cnn_accel_ap_int_8_const_ap_uint_4_fc1_35                  |   in|    8|     ap_none|                  cnn_accel_ap_int_8_const_ap_uint_4_fc1_35|        scalar|
|p_ZZ9cnn_accelPK6ap_intILi8EER7ap_uintILi4EEE3fc1_16_load  |   in|    8|     ap_none|  p_ZZ9cnn_accelPK6ap_intILi8EER7ap_uintILi4EEE3fc1_16_load|        scalar|
|p_ZZ9cnn_accelPK6ap_intILi8EER7ap_uintILi4EEE3fc1_17_load  |   in|    8|     ap_none|  p_ZZ9cnn_accelPK6ap_intILi8EER7ap_uintILi4EEE3fc1_17_load|        scalar|
|p_ZZ9cnn_accelPK6ap_intILi8EER7ap_uintILi4EEE3fc1_18_load  |   in|    8|     ap_none|  p_ZZ9cnn_accelPK6ap_intILi8EER7ap_uintILi4EEE3fc1_18_load|        scalar|
|p_ZZ9cnn_accelPK6ap_intILi8EER7ap_uintILi4EEE3fc1_19_load  |   in|    8|     ap_none|  p_ZZ9cnn_accelPK6ap_intILi8EER7ap_uintILi4EEE3fc1_19_load|        scalar|
|p_ZZ9cnn_accelPK6ap_intILi8EER7ap_uintILi4EEE3fc1_20_load  |   in|    8|     ap_none|  p_ZZ9cnn_accelPK6ap_intILi8EER7ap_uintILi4EEE3fc1_20_load|        scalar|
|cnn_accel_ap_int_8_const_ap_uint_4_fc1_36                  |   in|    8|     ap_none|                  cnn_accel_ap_int_8_const_ap_uint_4_fc1_36|        scalar|
|cnn_accel_ap_int_8_const_ap_uint_4_fc1_37                  |   in|    8|     ap_none|                  cnn_accel_ap_int_8_const_ap_uint_4_fc1_37|        scalar|
|cnn_accel_ap_int_8_const_ap_uint_4_fc1_38                  |   in|    8|     ap_none|                  cnn_accel_ap_int_8_const_ap_uint_4_fc1_38|        scalar|
|cnn_accel_ap_int_8_const_ap_uint_4_fc1_39                  |   in|    8|     ap_none|                  cnn_accel_ap_int_8_const_ap_uint_4_fc1_39|        scalar|
|cnn_accel_ap_int_8_const_ap_uint_4_fc1_40                  |   in|    8|     ap_none|                  cnn_accel_ap_int_8_const_ap_uint_4_fc1_40|        scalar|
|p_ZZ9cnn_accelPK6ap_intILi8EER7ap_uintILi4EEE3fc1_26_load  |   in|    8|     ap_none|  p_ZZ9cnn_accelPK6ap_intILi8EER7ap_uintILi4EEE3fc1_26_load|        scalar|
|p_ZZ9cnn_accelPK6ap_intILi8EER7ap_uintILi4EEE3fc1_27_load  |   in|    8|     ap_none|  p_ZZ9cnn_accelPK6ap_intILi8EER7ap_uintILi4EEE3fc1_27_load|        scalar|
|p_ZZ9cnn_accelPK6ap_intILi8EER7ap_uintILi4EEE3fc1_28_load  |   in|    8|     ap_none|  p_ZZ9cnn_accelPK6ap_intILi8EER7ap_uintILi4EEE3fc1_28_load|        scalar|
|p_ZZ9cnn_accelPK6ap_intILi8EER7ap_uintILi4EEE3fc1_29_load  |   in|    8|     ap_none|  p_ZZ9cnn_accelPK6ap_intILi8EER7ap_uintILi4EEE3fc1_29_load|        scalar|
|p_ZZ9cnn_accelPK6ap_intILi8EER7ap_uintILi4EEE3fc1_30_load  |   in|    8|     ap_none|  p_ZZ9cnn_accelPK6ap_intILi8EER7ap_uintILi4EEE3fc1_30_load|        scalar|
|cnn_accel_ap_int_8_const_ap_uint_4_fc1                     |   in|    8|     ap_none|                     cnn_accel_ap_int_8_const_ap_uint_4_fc1|        scalar|
|logits_V_address0                                          |  out|    4|   ap_memory|                                                   logits_V|         array|
|logits_V_ce0                                               |  out|    1|   ap_memory|                                                   logits_V|         array|
|logits_V_we0                                               |  out|    1|   ap_memory|                                                   logits_V|         array|
|logits_V_d0                                                |  out|   20|   ap_memory|                                                   logits_V|         array|
+-----------------------------------------------------------+-----+-----+------------+-----------------------------------------------------------+--------------+

