

================================================================
== Vitis HLS Report for 'cnn_accel_Pipeline_pool2_loop_VITIS_LOOP_102_1_VITIS_LOOP_103_2'
================================================================
* Date:           Thu Jul  2 00:49:41 2026

* Version:        2022.2 (Build 3670227 on Oct 13 2022)
* Project:        hls_minst_cnn
* Solution:       solution1 (Vivado IP Flow Target)
* Product family: zynq
* Target device:  xc7z020-clg400-1


================================================================
== Performance Estimates
================================================================
+ Timing: 
    * Summary: 
    +--------+----------+----------+------------+
    |  Clock |  Target  | Estimated| Uncertainty|
    +--------+----------+----------+------------+
    |ap_clk  |  10.00 ns|  6.860 ns|     2.70 ns|
    +--------+----------+----------+------------+

+ Latency: 
    * Summary: 
    +---------+---------+----------+----------+-----+-----+---------+
    |  Latency (cycles) |  Latency (absolute) |  Interval | Pipeline|
    |   min   |   max   |    min   |    max   | min | max |   Type  |
    +---------+---------+----------+----------+-----+-----+---------+
    |      789|      789|  7.890 us|  7.890 us|  789|  789|       no|
    +---------+---------+----------+----------+-----+-----+---------+

    + Detail: 
        * Instance: 
        N/A

        * Loop: 
        +------------------------------------------------+---------+---------+----------+-----------+-----------+------+----------+
        |                                                |  Latency (cycles) | Iteration|  Initiation Interval  | Trip |          |
        |                    Loop Name                   |   min   |   max   |  Latency |  achieved |   target  | Count| Pipelined|
        +------------------------------------------------+---------+---------+----------+-----------+-----------+------+----------+
        |- pool2_loop_VITIS_LOOP_102_1_VITIS_LOOP_103_2  |      787|      787|         5|          1|          1|   784|       yes|
        +------------------------------------------------+---------+---------+----------+-----------+-----------+------+----------+



================================================================
== Utilization Estimates
================================================================
* Summary: 
+-----------------+---------+-----+--------+-------+-----+
|       Name      | BRAM_18K| DSP |   FF   |  LUT  | URAM|
+-----------------+---------+-----+--------+-------+-----+
|DSP              |        -|    -|       -|      -|    -|
|Expression       |        -|    -|       0|    263|    -|
|FIFO             |        -|    -|       -|      -|    -|
|Instance         |        -|    -|       -|      -|    -|
|Memory           |        -|    -|       -|      -|    -|
|Multiplexer      |        -|    -|       -|    108|    -|
|Register         |        -|    -|     174|     32|    -|
+-----------------+---------+-----+--------+-------+-----+
|Total            |        0|    0|     174|    403|    0|
+-----------------+---------+-----+--------+-------+-----+
|Available        |      280|  220|  106400|  53200|    0|
+-----------------+---------+-----+--------+-------+-----+
|Utilization (%)  |        0|    0|      ~0|     ~0|    0|
+-----------------+---------+-----+--------+-------+-----+

+ Detail: 
    * Instance: 
    N/A

    * DSP: 
    N/A

    * Memory: 
    N/A

    * FIFO: 
    N/A

    * Expression: 
    +--------------------------+----------+----+---+----+------------+------------+
    |       Variable Name      | Operation| DSP| FF| LUT| Bitwidth P0| Bitwidth P1|
    +--------------------------+----------+----+---+----+------------+------------+
    |add_ln101_1_fu_185_p2     |         +|   0|  0|  13|          10|           1|
    |add_ln101_fu_203_p2       |         +|   0|  0|  13|           5|           1|
    |add_ln102_1_fu_323_p2     |         +|   0|  0|  14|           6|           1|
    |add_ln102_fu_275_p2       |         +|   0|  0|  11|           3|           1|
    |add_ln103_fu_317_p2       |         +|   0|  0|  11|           3|           1|
    |add_ln105_1_fu_412_p2     |         +|   0|  0|  12|          11|          11|
    |add_ln105_fu_307_p2       |         +|   0|  0|  13|          10|          10|
    |add_ln106_fu_433_p2       |         +|   0|  0|  12|          11|          11|
    |add_ln112_fu_395_p2       |         +|   0|  0|  10|          10|          10|
    |sub_ln105_1_fu_376_p2     |         -|   0|  0|  12|          11|          11|
    |sub_ln105_fu_247_p2       |         -|   0|  0|  14|           9|           9|
    |sub_ln112_fu_387_p2       |         -|   0|  0|  10|          10|          10|
    |and_ln101_fu_269_p2       |       and|   0|  0|   2|           1|           1|
    |icmp_ln101_fu_179_p2      |      icmp|   0|  0|  11|          10|           9|
    |icmp_ln102_fu_209_p2      |      icmp|   0|  0|  10|           6|           5|
    |icmp_ln1035_1_fu_458_p2   |      icmp|   0|  0|  11|           8|           8|
    |icmp_ln1035_2_fu_474_p2   |      icmp|   0|  0|  11|           8|           8|
    |icmp_ln1035_fu_444_p2     |      icmp|   0|  0|  11|           8|           8|
    |icmp_ln103_fu_263_p2      |      icmp|   0|  0|   8|           3|           2|
    |or_ln102_fu_281_p2        |        or|   0|  0|   2|           1|           1|
    |or_ln106_fu_423_p2        |        or|   0|  0|   4|           4|           1|
    |m_V_1_fu_450_p3           |    select|   0|  0|   8|           1|           8|
    |m_V_3_fu_463_p3           |    select|   0|  0|   8|           1|           8|
    |pool2_V_d0                |    select|   0|  0|   8|           1|           8|
    |select_ln101_1_fu_223_p3  |    select|   0|  0|   5|           1|           5|
    |select_ln101_fu_215_p3    |    select|   0|  0|   3|           1|           1|
    |select_ln102_1_fu_295_p3  |    select|   0|  0|   3|           1|           3|
    |select_ln102_2_fu_329_p3  |    select|   0|  0|   6|           1|           1|
    |select_ln102_fu_287_p3    |    select|   0|  0|   3|           1|           1|
    |ap_enable_pp0             |       xor|   0|  0|   2|           1|           2|
    |xor_ln101_fu_257_p2       |       xor|   0|  0|   2|           1|           2|
    +--------------------------+----------+----+---+----+------------+------------+
    |Total                     |          |   0|  0| 263|         158|         159|
    +--------------------------+----------+----+---+----+------------+------------+

    * Multiplexer: 
    +-----------------------------------------+----+-----------+-----+-----------+
    |                   Name                  | LUT| Input Size| Bits| Total Bits|
    +-----------------------------------------+----+-----------+-----+-----------+
    |ap_done_int                              |   9|          2|    1|          2|
    |ap_enable_reg_pp0_iter1                  |   9|          2|    1|          2|
    |ap_sig_allocacmp_c_load                  |   9|          2|    5|         10|
    |ap_sig_allocacmp_indvar_flatten100_load  |   9|          2|   10|         20|
    |ap_sig_allocacmp_indvar_flatten86_load   |   9|          2|    6|         12|
    |ap_sig_allocacmp_x_load                  |   9|          2|    3|          6|
    |ap_sig_allocacmp_y_2_load                |   9|          2|    3|          6|
    |c_fu_80                                  |   9|          2|    5|         10|
    |indvar_flatten100_fu_84                  |   9|          2|   10|         20|
    |indvar_flatten86_fu_76                   |   9|          2|    6|         12|
    |x_fu_68                                  |   9|          2|    3|          6|
    |y_2_fu_72                                |   9|          2|    3|          6|
    +-----------------------------------------+----+-----------+-----+-----------+
    |Total                                    | 108|         24|   56|        112|
    +-----------------------------------------+----+-----------+-----+-----------+

    * Register: 
    +----------------------------------+----+----+-----+-----------+
    |               Name               | FF | LUT| Bits| Const Bits|
    +----------------------------------+----+----+-----+-----------+
    |add_ln105_reg_530                 |  10|   0|   10|          0|
    |add_ln112_reg_542                 |  10|   0|   10|          0|
    |ap_CS_fsm                         |   1|   0|    1|          0|
    |ap_done_reg                       |   1|   0|    1|          0|
    |ap_enable_reg_pp0_iter1           |   1|   0|    1|          0|
    |ap_enable_reg_pp0_iter2           |   1|   0|    1|          0|
    |ap_enable_reg_pp0_iter3           |   1|   0|    1|          0|
    |ap_enable_reg_pp0_iter4           |   1|   0|    1|          0|
    |ap_loop_exit_ready_pp0_iter1_reg  |   1|   0|    1|          0|
    |ap_loop_exit_ready_pp0_iter2_reg  |   1|   0|    1|          0|
    |ap_loop_exit_ready_pp0_iter3_reg  |   1|   0|    1|          0|
    |c_fu_80                           |   5|   0|    5|          0|
    |indvar_flatten100_fu_84           |  10|   0|   10|          0|
    |indvar_flatten86_fu_76            |   6|   0|    6|          0|
    |m_V_1_reg_577                     |   8|   0|    8|          0|
    |m_V_3_reg_589                     |   8|   0|    8|          0|
    |select_ln102_reg_524              |   3|   0|    3|          0|
    |trunc_ln105_reg_537               |   7|   0|    7|          0|
    |v3_V_reg_583                      |   8|   0|    8|          0|
    |x_fu_68                           |   3|   0|    3|          0|
    |y_2_fu_72                         |   3|   0|    3|          0|
    |zext_ln105_4_reg_547              |  10|   0|   64|         54|
    |zext_ln106_1_reg_557              |  10|   0|   64|         54|
    |add_ln112_reg_542                 |  64|  32|   10|          0|
    +----------------------------------+----+----+-----+-----------+
    |Total                             | 174|  32|  228|        108|
    +----------------------------------+----+----+-----+-----------+



================================================================
== Interface
================================================================
* Summary: 
+-----------------------------------------------------+-----+-----+------------+-----------------------------------------------------------------+--------------+
|                      RTL Ports                      | Dir | Bits|  Protocol  |                          Source Object                          |    C Type    |
+-----------------------------------------------------+-----+-----+------------+-----------------------------------------------------------------+--------------+
|ap_clk                                               |   in|    1|  ap_ctrl_hs|  cnn_accel_Pipeline_pool2_loop_VITIS_LOOP_102_1_VITIS_LOOP_103_2|  return value|
|ap_rst                                               |   in|    1|  ap_ctrl_hs|  cnn_accel_Pipeline_pool2_loop_VITIS_LOOP_102_1_VITIS_LOOP_103_2|  return value|
|ap_start                                             |   in|    1|  ap_ctrl_hs|  cnn_accel_Pipeline_pool2_loop_VITIS_LOOP_102_1_VITIS_LOOP_103_2|  return value|
|ap_done                                              |  out|    1|  ap_ctrl_hs|  cnn_accel_Pipeline_pool2_loop_VITIS_LOOP_102_1_VITIS_LOOP_103_2|  return value|
|ap_idle                                              |  out|    1|  ap_ctrl_hs|  cnn_accel_Pipeline_pool2_loop_VITIS_LOOP_102_1_VITIS_LOOP_103_2|  return value|
|ap_ready                                             |  out|    1|  ap_ctrl_hs|  cnn_accel_Pipeline_pool2_loop_VITIS_LOOP_102_1_VITIS_LOOP_103_2|  return value|
|cnn_accel_ap_int_8_const_ap_uint_4_conv2_address0    |  out|   11|   ap_memory|                         cnn_accel_ap_int_8_const_ap_uint_4_conv2|         array|
|cnn_accel_ap_int_8_const_ap_uint_4_conv2_ce0         |  out|    1|   ap_memory|                         cnn_accel_ap_int_8_const_ap_uint_4_conv2|         array|
|cnn_accel_ap_int_8_const_ap_uint_4_conv2_q0          |   in|    8|   ap_memory|                         cnn_accel_ap_int_8_const_ap_uint_4_conv2|         array|
|cnn_accel_ap_int_8_const_ap_uint_4_conv2_address1    |  out|   11|   ap_memory|                         cnn_accel_ap_int_8_const_ap_uint_4_conv2|         array|
|cnn_accel_ap_int_8_const_ap_uint_4_conv2_ce1         |  out|    1|   ap_memory|                         cnn_accel_ap_int_8_const_ap_uint_4_conv2|         array|
|cnn_accel_ap_int_8_const_ap_uint_4_conv2_q1          |   in|    8|   ap_memory|                         cnn_accel_ap_int_8_const_ap_uint_4_conv2|         array|
|cnn_accel_ap_int_8_const_ap_uint_4_conv2_2_address0  |  out|   11|   ap_memory|                       cnn_accel_ap_int_8_const_ap_uint_4_conv2_2|         array|
|cnn_accel_ap_int_8_const_ap_uint_4_conv2_2_ce0       |  out|    1|   ap_memory|                       cnn_accel_ap_int_8_const_ap_uint_4_conv2_2|         array|
|cnn_accel_ap_int_8_const_ap_uint_4_conv2_2_q0        |   in|    8|   ap_memory|                       cnn_accel_ap_int_8_const_ap_uint_4_conv2_2|         array|
|cnn_accel_ap_int_8_const_ap_uint_4_conv2_2_address1  |  out|   11|   ap_memory|                       cnn_accel_ap_int_8_const_ap_uint_4_conv2_2|         array|
|cnn_accel_ap_int_8_const_ap_uint_4_conv2_2_ce1       |  out|    1|   ap_memory|                       cnn_accel_ap_int_8_const_ap_uint_4_conv2_2|         array|
|cnn_accel_ap_int_8_const_ap_uint_4_conv2_2_q1        |   in|    8|   ap_memory|                       cnn_accel_ap_int_8_const_ap_uint_4_conv2_2|         array|
|pool2_V_address0                                     |  out|   10|   ap_memory|                                                          pool2_V|         array|
|pool2_V_ce0                                          |  out|    1|   ap_memory|                                                          pool2_V|         array|
|pool2_V_we0                                          |  out|    1|   ap_memory|                                                          pool2_V|         array|
|pool2_V_d0                                           |  out|    8|   ap_memory|                                                          pool2_V|         array|
+-----------------------------------------------------+-----+-----+------------+-----------------------------------------------------------------+--------------+

