

================================================================
== Vitis HLS Report for 'cnn_accel_Pipeline_pool1_loop_VITIS_LOOP_53_1_VITIS_LOOP_54_2'
================================================================
* Date:           Thu Jul  2 00:49:39 2026

* Version:        2022.2 (Build 3670227 on Oct 13 2022)
* Project:        hls_minst_cnn
* Solution:       solution1 (Vivado IP Flow Target)
* Product family: zynq
* Target device:  xc7z020-clg400-1


================================================================
== Performance Estimates
================================================================
+ Timing: 
    * Summary: 
    +--------+----------+----------+------------+
    |  Clock |  Target  | Estimated| Uncertainty|
    +--------+----------+----------+------------+
    |ap_clk  |  10.00 ns|  7.157 ns|     2.70 ns|
    +--------+----------+----------+------------+

+ Latency: 
    * Summary: 
    +---------+---------+-----------+-----------+------+------+---------+
    |  Latency (cycles) |   Latency (absolute)  |   Interval  | Pipeline|
    |   min   |   max   |    min    |    max    |  min |  max |   Type  |
    +---------+---------+-----------+-----------+------+------+---------+
    |     1573|     1573|  15.730 us|  15.730 us|  1573|  1573|       no|
    +---------+---------+-----------+-----------+------+------+---------+

    + Detail: 
        * Instance: 
        N/A

        * Loop: 
        +----------------------------------------------+---------+---------+----------+-----------+-----------+------+----------+
        |                                              |  Latency (cycles) | Iteration|  Initiation Interval  | Trip |          |
        |                   Loop Name                  |   min   |   max   |  Latency |  achieved |   target  | Count| Pipelined|
        +----------------------------------------------+---------+---------+----------+-----------+-----------+------+----------+
        |- pool1_loop_VITIS_LOOP_53_1_VITIS_LOOP_54_2  |     1571|     1571|         5|          1|          1|  1568|       yes|
        +----------------------------------------------+---------+---------+----------+-----------+-----------+------+----------+



================================================================
== Utilization Estimates
================================================================
* Summary: 
+-----------------+---------+-----+--------+-------+-----+
|       Name      | BRAM_18K| DSP |   FF   |  LUT  | URAM|
+-----------------+---------+-----+--------+-------+-----+
|DSP              |        -|    -|       -|      -|    -|
|Expression       |        -|    -|       0|    276|    -|
|FIFO             |        -|    -|       -|      -|    -|
|Instance         |        -|    -|       -|      -|    -|
|Memory           |        -|    -|       -|      -|    -|
|Multiplexer      |        -|    -|       -|    108|    -|
|Register         |        -|    -|     182|     32|    -|
+-----------------+---------+-----+--------+-------+-----+
|Total            |        0|    0|     182|    416|    0|
+-----------------+---------+-----+--------+-------+-----+
|Available        |      280|  220|  106400|  53200|    0|
+-----------------+---------+-----+--------+-------+-----+
|Utilization (%)  |        0|    0|      ~0|     ~0|    0|
+-----------------+---------+-----+--------+-------+-----+

+ Detail: 
    * Instance: 
    N/A

    * DSP: 
    N/A

    * Memory: 
    N/A

    * FIFO: 
    N/A

    * Expression: 
    +-------------------------+----------+----+---+----+------------+------------+
    |      Variable Name      | Operation| DSP| FF| LUT| Bitwidth P0| Bitwidth P1|
    +-------------------------+----------+----+---+----+------------+------------+
    |add_ln52_1_fu_185_p2     |         +|   0|  0|  12|          11|           1|
    |add_ln52_fu_203_p2       |         +|   0|  0|  13|           4|           1|
    |add_ln53_1_fu_331_p2     |         +|   0|  0|  15|           8|           1|
    |add_ln53_fu_283_p2       |         +|   0|  0|  13|           4|           1|
    |add_ln54_fu_325_p2       |         +|   0|  0|  13|           4|           1|
    |add_ln56_1_fu_430_p2     |         +|   0|  0|  12|          12|          12|
    |add_ln56_fu_315_p2       |         +|   0|  0|  13|          10|          10|
    |add_ln57_fu_451_p2       |         +|   0|  0|  12|          12|          12|
    |add_ln63_fu_413_p2       |         +|   0|  0|  11|          11|          11|
    |sub_ln56_1_fu_384_p2     |         -|   0|  0|  12|          12|          12|
    |sub_ln56_fu_255_p2       |         -|   0|  0|  14|           9|           9|
    |sub_ln63_fu_404_p2       |         -|   0|  0|  11|          11|          11|
    |and_ln52_fu_277_p2       |       and|   0|  0|   2|           1|           1|
    |icmp_ln1035_1_fu_476_p2  |      icmp|   0|  0|  11|           8|           8|
    |icmp_ln1035_2_fu_492_p2  |      icmp|   0|  0|  11|           8|           8|
    |icmp_ln1035_fu_462_p2    |      icmp|   0|  0|  11|           8|           8|
    |icmp_ln52_fu_179_p2      |      icmp|   0|  0|  11|          11|          10|
    |icmp_ln53_fu_209_p2      |      icmp|   0|  0|  11|           8|           7|
    |icmp_ln54_fu_271_p2      |      icmp|   0|  0|   9|           4|           3|
    |or_ln53_fu_289_p2        |        or|   0|  0|   2|           1|           1|
    |or_ln57_fu_441_p2        |        or|   0|  0|   5|           5|           1|
    |m_V_5_fu_468_p3          |    select|   0|  0|   8|           1|           8|
    |m_V_7_fu_481_p3          |    select|   0|  0|   8|           1|           8|
    |pool1_V_d0               |    select|   0|  0|   8|           1|           8|
    |select_ln52_1_fu_223_p3  |    select|   0|  0|   4|           1|           4|
    |select_ln52_fu_215_p3    |    select|   0|  0|   4|           1|           1|
    |select_ln53_1_fu_303_p3  |    select|   0|  0|   4|           1|           4|
    |select_ln53_2_fu_337_p3  |    select|   0|  0|   8|           1|           1|
    |select_ln53_fu_295_p3    |    select|   0|  0|   4|           1|           1|
    |ap_enable_pp0            |       xor|   0|  0|   2|           1|           2|
    |xor_ln52_fu_265_p2       |       xor|   0|  0|   2|           1|           2|
    +-------------------------+----------+----+---+----+------------+------------+
    |Total                    |          |   0|  0| 276|         172|         168|
    +-------------------------+----------+----+---+----+------------+------------+

    * Multiplexer: 
    +----------------------------------------+----+-----------+-----+-----------+
    |                  Name                  | LUT| Input Size| Bits| Total Bits|
    +----------------------------------------+----+-----------+-----+-----------+
    |ap_done_int                             |   9|          2|    1|          2|
    |ap_enable_reg_pp0_iter1                 |   9|          2|    1|          2|
    |ap_sig_allocacmp_c_load                 |   9|          2|    4|          8|
    |ap_sig_allocacmp_indvar_flatten13_load  |   9|          2|   11|         22|
    |ap_sig_allocacmp_indvar_flatten_load    |   9|          2|    8|         16|
    |ap_sig_allocacmp_x_load                 |   9|          2|    4|          8|
    |ap_sig_allocacmp_y_load                 |   9|          2|    4|          8|
    |c_fu_80                                 |   9|          2|    4|          8|
    |indvar_flatten13_fu_84                  |   9|          2|   11|         22|
    |indvar_flatten_fu_76                    |   9|          2|    8|         16|
    |x_fu_68                                 |   9|          2|    4|          8|
    |y_fu_72                                 |   9|          2|    4|          8|
    +----------------------------------------+----+-----------+-----+-----------+
    |Total                                   | 108|         24|   64|        128|
    +----------------------------------------+----+-----------+-----+-----------+

    * Register: 
    +----------------------------------+----+----+-----+-----------+
    |               Name               | FF | LUT| Bits| Const Bits|
    +----------------------------------+----+----+-----+-----------+
    |add_ln56_reg_548                  |  10|   0|   10|          0|
    |add_ln63_reg_560                  |  11|   0|   11|          0|
    |ap_CS_fsm                         |   1|   0|    1|          0|
    |ap_done_reg                       |   1|   0|    1|          0|
    |ap_enable_reg_pp0_iter1           |   1|   0|    1|          0|
    |ap_enable_reg_pp0_iter2           |   1|   0|    1|          0|
    |ap_enable_reg_pp0_iter3           |   1|   0|    1|          0|
    |ap_enable_reg_pp0_iter4           |   1|   0|    1|          0|
    |ap_loop_exit_ready_pp0_iter1_reg  |   1|   0|    1|          0|
    |ap_loop_exit_ready_pp0_iter2_reg  |   1|   0|    1|          0|
    |ap_loop_exit_ready_pp0_iter3_reg  |   1|   0|    1|          0|
    |c_fu_80                           |   4|   0|    4|          0|
    |indvar_flatten13_fu_84            |  11|   0|   11|          0|
    |indvar_flatten_fu_76              |   8|   0|    8|          0|
    |m_V_5_reg_595                     |   8|   0|    8|          0|
    |m_V_7_reg_607                     |   8|   0|    8|          0|
    |select_ln53_reg_542               |   4|   0|    4|          0|
    |trunc_ln56_reg_554                |   7|   0|    7|          0|
    |v3_V_reg_601                      |   8|   0|    8|          0|
    |x_fu_68                           |   4|   0|    4|          0|
    |y_fu_72                           |   4|   0|    4|          0|
    |zext_ln56_4_reg_565               |  11|   0|   64|         53|
    |zext_ln57_1_reg_575               |  11|   0|   64|         53|
    |add_ln63_reg_560                  |  64|  32|   11|          0|
    +----------------------------------+----+----+-----+-----------+
    |Total                             | 182|  32|  235|        106|
    +----------------------------------+----+----+-----+-----------+



================================================================
== Interface
================================================================
* Summary: 
+-----------------------------------------------------+-----+-----+------------+---------------------------------------------------------------+--------------+
|                      RTL Ports                      | Dir | Bits|  Protocol  |                         Source Object                         |    C Type    |
+-----------------------------------------------------+-----+-----+------------+---------------------------------------------------------------+--------------+
|ap_clk                                               |   in|    1|  ap_ctrl_hs|  cnn_accel_Pipeline_pool1_loop_VITIS_LOOP_53_1_VITIS_LOOP_54_2|  return value|
|ap_rst                                               |   in|    1|  ap_ctrl_hs|  cnn_accel_Pipeline_pool1_loop_VITIS_LOOP_53_1_VITIS_LOOP_54_2|  return value|
|ap_start                                             |   in|    1|  ap_ctrl_hs|  cnn_accel_Pipeline_pool1_loop_VITIS_LOOP_53_1_VITIS_LOOP_54_2|  return value|
|ap_done                                              |  out|    1|  ap_ctrl_hs|  cnn_accel_Pipeline_pool1_loop_VITIS_LOOP_53_1_VITIS_LOOP_54_2|  return value|
|ap_idle                                              |  out|    1|  ap_ctrl_hs|  cnn_accel_Pipeline_pool1_loop_VITIS_LOOP_53_1_VITIS_LOOP_54_2|  return value|
|ap_ready                                             |  out|    1|  ap_ctrl_hs|  cnn_accel_Pipeline_pool1_loop_VITIS_LOOP_53_1_VITIS_LOOP_54_2|  return value|
|cnn_accel_ap_int_8_const_ap_uint_4_conv1_address0    |  out|   12|   ap_memory|                       cnn_accel_ap_int_8_const_ap_uint_4_conv1|         array|
|cnn_accel_ap_int_8_const_ap_uint_4_conv1_ce0         |  out|    1|   ap_memory|                       cnn_accel_ap_int_8_const_ap_uint_4_conv1|         array|
|cnn_accel_ap_int_8_const_ap_uint_4_conv1_q0          |   in|    8|   ap_memory|                       cnn_accel_ap_int_8_const_ap_uint_4_conv1|         array|
|cnn_accel_ap_int_8_const_ap_uint_4_conv1_address1    |  out|   12|   ap_memory|                       cnn_accel_ap_int_8_const_ap_uint_4_conv1|         array|
|cnn_accel_ap_int_8_const_ap_uint_4_conv1_ce1         |  out|    1|   ap_memory|                       cnn_accel_ap_int_8_const_ap_uint_4_conv1|         array|
|cnn_accel_ap_int_8_const_ap_uint_4_conv1_q1          |   in|    8|   ap_memory|                       cnn_accel_ap_int_8_const_ap_uint_4_conv1|         array|
|cnn_accel_ap_int_8_const_ap_uint_4_conv1_1_address0  |  out|   12|   ap_memory|                     cnn_accel_ap_int_8_const_ap_uint_4_conv1_1|         array|
|cnn_accel_ap_int_8_const_ap_uint_4_conv1_1_ce0       |  out|    1|   ap_memory|                     cnn_accel_ap_int_8_const_ap_uint_4_conv1_1|         array|
|cnn_accel_ap_int_8_const_ap_uint_4_conv1_1_q0        |   in|    8|   ap_memory|                     cnn_accel_ap_int_8_const_ap_uint_4_conv1_1|         array|
|cnn_accel_ap_int_8_const_ap_uint_4_conv1_1_address1  |  out|   12|   ap_memory|                     cnn_accel_ap_int_8_const_ap_uint_4_conv1_1|         array|
|cnn_accel_ap_int_8_const_ap_uint_4_conv1_1_ce1       |  out|    1|   ap_memory|                     cnn_accel_ap_int_8_const_ap_uint_4_conv1_1|         array|
|cnn_accel_ap_int_8_const_ap_uint_4_conv1_1_q1        |   in|    8|   ap_memory|                     cnn_accel_ap_int_8_const_ap_uint_4_conv1_1|         array|
|pool1_V_address0                                     |  out|   11|   ap_memory|                                                        pool1_V|         array|
|pool1_V_ce0                                          |  out|    1|   ap_memory|                                                        pool1_V|         array|
|pool1_V_we0                                          |  out|    1|   ap_memory|                                                        pool1_V|         array|
|pool1_V_d0                                           |  out|    8|   ap_memory|                                                        pool1_V|         array|
+-----------------------------------------------------+-----+-----+------------+---------------------------------------------------------------+--------------+

