

================================================================
== Vitis HLS Report for 'cnn_accel_Pipeline_VITIS_LOOP_78_3_VITIS_LOOP_79_4_VITIS_LOOP_80_5'
================================================================
* Date:           Thu Jul  2 00:49:40 2026

* Version:        2022.2 (Build 3670227 on Oct 13 2022)
* Project:        hls_minst_cnn
* Solution:       solution1 (Vivado IP Flow Target)
* Product family: zynq
* Target device:  xc7z020-clg400-1


================================================================
== Performance Estimates
================================================================
+ Timing: 
    * Summary: 
    +--------+----------+----------+------------+
    |  Clock |  Target  | Estimated| Uncertainty|
    +--------+----------+----------+------------+
    |ap_clk  |  10.00 ns|  7.011 ns|     2.70 ns|
    +--------+----------+----------+------------+

+ Latency: 
    * Summary: 
    +---------+---------+----------+----------+-----+-----+---------+
    |  Latency (cycles) |  Latency (absolute) |  Interval | Pipeline|
    |   min   |   max   |    min   |    max   | min | max |   Type  |
    +---------+---------+----------+----------+-----+-----+---------+
    |       79|       79|  0.790 us|  0.790 us|   79|   79|       no|
    +---------+---------+----------+----------+-----+-----+---------+

    + Detail: 
        * Instance: 
        N/A

        * Loop: 
        +---------------------------------------------------+---------+---------+----------+-----------+-----------+------+----------+
        |                                                   |  Latency (cycles) | Iteration|  Initiation Interval  | Trip |          |
        |                     Loop Name                     |   min   |   max   |  Latency |  achieved |   target  | Count| Pipelined|
        +---------------------------------------------------+---------+---------+----------+-----------+-----------+------+----------+
        |- VITIS_LOOP_78_3_VITIS_LOOP_79_4_VITIS_LOOP_80_5  |       77|       77|         7|          1|          1|    72|       yes|
        +---------------------------------------------------+---------+---------+----------+-----------+-----------+------+----------+



================================================================
== Utilization Estimates
================================================================
* Summary: 
+-----------------+---------+-----+--------+-------+-----+
|       Name      | BRAM_18K| DSP |   FF   |  LUT  | URAM|
+-----------------+---------+-----+--------+-------+-----+
|DSP              |        -|    1|       -|      -|    -|
|Expression       |        -|    -|       0|    492|    -|
|FIFO             |        -|    -|       -|      -|    -|
|Instance         |        -|    -|       -|      -|    -|
|Memory           |        1|    -|       0|      0|    -|
|Multiplexer      |        -|    -|       -|    126|    -|
|Register         |        -|    -|     296|     64|    -|
+-----------------+---------+-----+--------+-------+-----+
|Total            |        1|    1|     296|    682|    0|
+-----------------+---------+-----+--------+-------+-----+
|Available        |      280|  220|  106400|  53200|    0|
+-----------------+---------+-----+--------+-------+-----+
|Utilization (%)  |       ~0|   ~0|      ~0|      1|    0|
+-----------------+---------+-----+--------+-------+-----+

+ Detail: 
    * Instance: 
    N/A

    * DSP: 
    +---------------------------------+-----------------------------+--------------+
    |             Instance            |            Module           |  Expression  |
    +---------------------------------+-----------------------------+--------------+
    |mac_muladd_8s_8s_32s_32_4_1_U34  |mac_muladd_8s_8s_32s_32_4_1  |  i0 * i1 + i2|
    +---------------------------------+-----------------------------+--------------+

    * Memory: 
    +-------------+----------------------------------------------------------------------------------+---------+---+----+-----+------+-----+------+-------------+
    |    Memory   |                                      Module                                      | BRAM_18K| FF| LUT| URAM| Words| Bits| Banks| W*Bits*Banks|
    +-------------+----------------------------------------------------------------------------------+---------+---+----+-----+------+-----+------+-------------+
    |W_CONV2_V_U  |cnn_accel_Pipeline_VITIS_LOOP_78_3_VITIS_LOOP_79_4_VITIS_LOOP_80_5_W_CONV2_V_bkb  |        1|  0|   0|    0|  1152|    8|     1|         9216|
    +-------------+----------------------------------------------------------------------------------+---------+---+----+-----+------+-----+------+-------------+
    |Total        |                                                                                  |        1|  0|   0|    0|  1152|    8|     1|         9216|
    +-------------+----------------------------------------------------------------------------------+---------+---+----+-----+------+-----+------+-------------+

    * FIFO: 
    N/A

    * Expression: 
    +-------------------------+----------+----+---+----+------------+------------+
    |      Variable Name      | Operation| DSP| FF| LUT| Bitwidth P0| Bitwidth P1|
    +-------------------------+----------+----+---+----+------------+------------+
    |add_ln186_1_fu_490_p2    |         +|   0|  0|  62|          62|          62|
    |add_ln186_2_fu_636_p2    |         +|   0|  0|  11|          11|          11|
    |add_ln186_fu_410_p2      |         +|   0|  0|  14|           9|           9|
    |add_ln78_1_fu_243_p2     |         +|   0|  0|  14|           7|           1|
    |add_ln78_fu_258_p2       |         +|   0|  0|  13|           4|           1|
    |add_ln79_1_fu_338_p2     |         +|   0|  0|  13|           4|           1|
    |add_ln79_fu_304_p2       |         +|   0|  0|  10|           2|           1|
    |add_ln80_fu_332_p2       |         +|   0|  0|  10|           2|           1|
    |add_ln83_1_fu_578_p2     |         +|   0|  0|  13|           5|           5|
    |add_ln83_fu_569_p2       |         +|   0|  0|  10|           2|           2|
    |add_ln85_1_fu_650_p2     |         +|   0|  0|  11|          11|          11|
    |add_ln85_fu_533_p2       |         +|   0|  0|  13|          10|          10|
    |empty_43_fu_389_p2       |         +|   0|  0|  13|           5|           2|
    |empty_fu_380_p2          |         +|   0|  0|  13|           4|           4|
    |p_mid121_fu_516_p2       |         +|   0|  0|  13|           5|           2|
    |p_mid1_fu_507_p2         |         +|   0|  0|  13|           4|           4|
    |sub_ln186_1_fu_608_p2    |         -|   0|  0|  11|          11|          11|
    |sub_ln186_fu_431_p2      |         -|   0|  0|  62|          62|          62|
    |sub_ln85_1_fu_627_p2     |         -|   0|  0|  11|          11|          11|
    |sub_ln85_fu_459_p2       |         -|   0|  0|  14|           9|           9|
    |and_ln78_fu_298_p2       |       and|   0|  0|   2|           1|           1|
    |and_ln84_1_fu_589_p2     |       and|   0|  0|   2|           1|           1|
    |and_ln84_fu_595_p2       |       and|   0|  0|   2|           1|           1|
    |icmp_ln78_fu_237_p2      |      icmp|   0|  0|  10|           7|           7|
    |icmp_ln79_fu_264_p2      |      icmp|   0|  0|   9|           4|           4|
    |icmp_ln80_fu_292_p2      |      icmp|   0|  0|   8|           2|           2|
    |icmp_ln84_fu_583_p2      |      icmp|   0|  0|   9|           5|           4|
    |notlhs_fu_395_p2         |      icmp|   0|  0|   9|           4|           1|
    |notlhs_mid1_fu_543_p2    |      icmp|   0|  0|   9|           4|           1|
    |notrhs_fu_401_p2         |      icmp|   0|  0|   9|           5|           4|
    |notrhs_mid1_fu_556_p2    |      icmp|   0|  0|   9|           5|           4|
    |or_ln79_fu_310_p2        |        or|   0|  0|   2|           1|           1|
    |acc_V_19_fu_672_p3       |    select|   0|  0|  32|           1|          32|
    |select_ln78_1_fu_278_p3  |    select|   0|  0|   4|           1|           4|
    |select_ln78_2_fu_469_p3  |    select|   0|  0|   5|           1|           5|
    |select_ln78_3_fu_475_p3  |    select|   0|  0|   2|           1|           1|
    |select_ln78_4_fu_481_p3  |    select|   0|  0|   2|           1|           1|
    |select_ln78_fu_270_p3    |    select|   0|  0|   2|           1|           1|
    |select_ln79_1_fu_324_p3  |    select|   0|  0|   2|           1|           2|
    |select_ln79_2_fu_522_p3  |    select|   0|  0|   5|           1|           5|
    |select_ln79_3_fu_549_p3  |    select|   0|  0|   2|           1|           1|
    |select_ln79_4_fu_562_p3  |    select|   0|  0|   2|           1|           1|
    |select_ln79_5_fu_344_p3  |    select|   0|  0|   4|           1|           1|
    |select_ln79_fu_316_p3    |    select|   0|  0|   2|           1|           1|
    |ap_enable_pp0            |       xor|   0|  0|   2|           1|           2|
    |xor_ln78_fu_286_p2       |       xor|   0|  0|   2|           1|           2|
    +-------------------------+----------+----+---+----+------------+------------+
    |Total                    |          |   0|  0| 492|         294|         310|
    +-------------------------+----------+----+---+----+------------+------------+

    * Multiplexer: 
    +----------------------------------------+----+-----------+-----+-----------+
    |                  Name                  | LUT| Input Size| Bits| Total Bits|
    +----------------------------------------+----+-----------+-----+-----------+
    |acc_V_fu_90                             |   9|          2|   32|         64|
    |ap_done_int                             |   9|          2|    1|          2|
    |ap_enable_reg_pp0_iter2                 |   9|          2|    1|          2|
    |ap_sig_allocacmp_acc_V_load_1           |   9|          2|   32|         64|
    |ap_sig_allocacmp_ic_load                |   9|          2|    4|          8|
    |ap_sig_allocacmp_indvar_flatten23_load  |   9|          2|    4|          8|
    |ap_sig_allocacmp_indvar_flatten53_load  |   9|          2|    7|         14|
    |ap_sig_allocacmp_kx_load                |   9|          2|    2|          4|
    |ap_sig_allocacmp_ky_1                   |   9|          2|    2|          4|
    |ic_fu_106                               |   9|          2|    4|          8|
    |indvar_flatten23_fu_102                 |   9|          2|    4|          8|
    |indvar_flatten53_fu_110                 |   9|          2|    7|         14|
    |kx_fu_94                                |   9|          2|    2|          4|
    |ky_fu_98                                |   9|          2|    2|          4|
    +----------------------------------------+----+-----------+-----+-----------+
    |Total                                   | 126|         28|  104|        208|
    +----------------------------------------+----+-----------+-----+-----------+

    * Register: 
    +-----------------------------------+----+----+-----+-----------+
    |                Name               | FF | LUT| Bits| Const Bits|
    +-----------------------------------+----+----+-----+-----------+
    |acc_V_fu_90                        |  32|   0|   32|          0|
    |acc_V_load_1_reg_865               |  32|   0|   32|          0|
    |add_ln79_reg_799                   |   2|   0|    2|          0|
    |add_ln83_1_reg_835                 |   5|   0|    5|          0|
    |add_ln85_reg_825                   |  10|   0|   10|          0|
    |and_ln78_reg_792                   |   1|   0|    1|          0|
    |and_ln84_reg_840                   |   1|   0|    1|          0|
    |ap_CS_fsm                          |   1|   0|    1|          0|
    |ap_done_reg                        |   1|   0|    1|          0|
    |ap_enable_reg_pp0_iter1            |   1|   0|    1|          0|
    |ap_enable_reg_pp0_iter2            |   1|   0|    1|          0|
    |ap_enable_reg_pp0_iter3            |   1|   0|    1|          0|
    |ap_enable_reg_pp0_iter4            |   1|   0|    1|          0|
    |ap_enable_reg_pp0_iter5            |   1|   0|    1|          0|
    |ap_enable_reg_pp0_iter6            |   1|   0|    1|          0|
    |ap_loop_exit_ready_pp0_iter1_reg   |   1|   0|    1|          0|
    |ap_loop_exit_ready_pp0_iter2_reg   |   1|   0|    1|          0|
    |ap_loop_exit_ready_pp0_iter3_reg   |   1|   0|    1|          0|
    |ap_loop_exit_ready_pp0_iter4_reg   |   1|   0|    1|          0|
    |ap_loop_exit_ready_pp0_iter5_reg   |   1|   0|    1|          0|
    |ic_fu_106                          |   4|   0|    4|          0|
    |icmp_ln78_reg_774                  |   1|   0|    1|          0|
    |icmp_ln79_reg_778                  |   1|   0|    1|          0|
    |indvar_flatten23_fu_102            |   4|   0|    4|          0|
    |indvar_flatten53_fu_110            |   7|   0|    7|          0|
    |kx_fu_94                           |   2|   0|    2|          0|
    |ky_1_reg_769                       |   2|   0|    2|          0|
    |ky_fu_98                           |   2|   0|    2|          0|
    |select_ln78_1_reg_785              |   4|   0|    4|          0|
    |select_ln79_1_reg_810              |   2|   0|    2|          0|
    |select_ln79_reg_804                |   2|   0|    2|          0|
    |select_ln79_reg_804_pp0_iter1_reg  |   2|   0|    2|          0|
    |trunc_ln186_1_reg_820              |   9|   0|    9|          0|
    |trunc_ln186_reg_815                |  11|   0|   11|          0|
    |trunc_ln85_reg_830                 |   7|   0|    7|          0|
    |zext_ln186_cast_reg_764            |   8|   0|    9|          1|
    |zext_ln76_1_cast_reg_759           |   4|   0|    5|          1|
    |and_ln84_reg_840                   |  64|  32|    1|          0|
    |icmp_ln78_reg_774                  |  64|  32|    1|          0|
    +-----------------------------------+----+----+-----+-----------+
    |Total                              | 296|  64|  172|          2|
    +-----------------------------------+----+----+-----+-----------+



================================================================
== Interface
================================================================
* Summary: 
+---------------------+-----+-----+------------+--------------------------------------------------------------------+--------------+
|      RTL Ports      | Dir | Bits|  Protocol  |                            Source Object                           |    C Type    |
+---------------------+-----+-----+------------+--------------------------------------------------------------------+--------------+
|ap_clk               |   in|    1|  ap_ctrl_hs|  cnn_accel_Pipeline_VITIS_LOOP_78_3_VITIS_LOOP_79_4_VITIS_LOOP_80_5|  return value|
|ap_rst               |   in|    1|  ap_ctrl_hs|  cnn_accel_Pipeline_VITIS_LOOP_78_3_VITIS_LOOP_79_4_VITIS_LOOP_80_5|  return value|
|ap_start             |   in|    1|  ap_ctrl_hs|  cnn_accel_Pipeline_VITIS_LOOP_78_3_VITIS_LOOP_79_4_VITIS_LOOP_80_5|  return value|
|ap_done              |  out|    1|  ap_ctrl_hs|  cnn_accel_Pipeline_VITIS_LOOP_78_3_VITIS_LOOP_79_4_VITIS_LOOP_80_5|  return value|
|ap_idle              |  out|    1|  ap_ctrl_hs|  cnn_accel_Pipeline_VITIS_LOOP_78_3_VITIS_LOOP_79_4_VITIS_LOOP_80_5|  return value|
|ap_ready             |  out|    1|  ap_ctrl_hs|  cnn_accel_Pipeline_VITIS_LOOP_78_3_VITIS_LOOP_79_4_VITIS_LOOP_80_5|  return value|
|sext_ln74            |   in|   12|     ap_none|                                                           sext_ln74|        scalar|
|select_ln75_3        |   in|    4|     ap_none|                                                       select_ln75_3|        scalar|
|zext_ln186           |   in|    8|     ap_none|                                                          zext_ln186|        scalar|
|p_mid143             |   in|    5|     ap_none|                                                            p_mid143|        scalar|
|notlhs_mid147        |   in|    1|     ap_none|                                                       notlhs_mid147|        scalar|
|notrhs_mid149        |   in|    1|     ap_none|                                                       notrhs_mid149|        scalar|
|zext_ln76_1          |   in|    4|     ap_none|                                                         zext_ln76_1|        scalar|
|acc_V_18_out         |  out|   32|      ap_vld|                                                        acc_V_18_out|       pointer|
|acc_V_18_out_ap_vld  |  out|    1|      ap_vld|                                                        acc_V_18_out|       pointer|
|pool1_V_address0     |  out|   11|   ap_memory|                                                             pool1_V|         array|
|pool1_V_ce0          |  out|    1|   ap_memory|                                                             pool1_V|         array|
|pool1_V_q0           |   in|    8|   ap_memory|                                                             pool1_V|         array|
+---------------------+-----+-----+------------+--------------------------------------------------------------------+--------------+

