

================================================================
== Synthesis Summary Report of 'cnn_accel'
================================================================
+ General Information: 
    * Date:           Thu Jul  2 00:49:47 2026
    * Version:        2022.2 (Build 3670227 on Oct 13 2022)
    * Project:        hls_minst_cnn
    * Solution:       solution1 (Vivado IP Flow Target)
    * Product family: zynq
    * Target device:  xc7z020-clg400-1
    

+ Performance & Resource Estimates: 
    
    PS: '+' for module; 'o' for loop; '*' for dataflow
    +---------------------------------------------------------------------------+------+------+---------+-----------+----------+---------+------+----------+---------+---------+-----------+------------+-----+
    |                                  Modules                                  | Issue|      | Latency |  Latency  | Iteration|         | Trip |          |         |         |           |            |     |
    |                                  & Loops                                  | Type | Slack| (cycles)|    (ns)   |  Latency | Interval| Count| Pipelined|  BRAM   |   DSP   |     FF    |     LUT    | URAM|
    +---------------------------------------------------------------------------+------+------+---------+-----------+----------+---------+------+----------+---------+---------+-----------+------------+-----+
    |+ cnn_accel                                                                |     -|  0.00|   354430|  3.544e+06|         -|   354431|     -|        no|  26 (9%)|  16 (7%)|  5274 (4%)|  7505 (14%)|    -|
    | + conv1_layer                                                             |     -|  0.00|    56467|  5.647e+05|         -|    56467|     -|        no|        -|   9 (4%)|  2025 (1%)|   2387 (4%)|    -|
    |  o conv1_loop_VITIS_LOOP_27_1_VITIS_LOOP_28_2                             |    II|  7.30|    56465|  5.646e+05|        27|        9|  6272|       yes|        -|        -|          -|           -|    -|
    | + cnn_accel_Pipeline_pool1_loop_VITIS_LOOP_53_1_VITIS_LOOP_54_2           |     -|  0.14|     1573|  1.573e+04|         -|     1573|     -|        no|        -|        -|  182 (~0%)|   416 (~0%)|    -|
    |  o pool1_loop_VITIS_LOOP_53_1_VITIS_LOOP_54_2                             |     -|  7.30|     1571|  1.571e+04|         5|        1|  1568|       yes|        -|        -|          -|           -|    -|
    | + cnn_accel_Pipeline_pool2_loop_VITIS_LOOP_102_1_VITIS_LOOP_103_2         |     -|  0.44|      789|  7.890e+03|         -|      789|     -|        no|        -|        -|  174 (~0%)|   403 (~0%)|    -|
    |  o pool2_loop_VITIS_LOOP_102_1_VITIS_LOOP_103_2                           |     -|  7.30|      787|  7.870e+03|         5|        1|   784|       yes|        -|        -|          -|           -|    -|
    | + cnn_accel_Pipeline_argmax_loop                                          |     -|  0.22|       12|    120.000|         -|       12|     -|        no|        -|        -|   55 (~0%)|   132 (~0%)|    -|
    |  o argmax_loop                                                            |     -|  7.30|       10|    100.000|         3|        1|     9|       yes|        -|        -|          -|           -|    -|
    | o conv2_loop_VITIS_LOOP_75_1_VITIS_LOOP_76_2                              |     -|  7.30|   269696|  2.697e+06|        86|        -|  3136|        no|        -|        -|          -|           -|    -|
    |  + cnn_accel_Pipeline_VITIS_LOOP_78_3_VITIS_LOOP_79_4_VITIS_LOOP_80_5     |     -|  0.29|       79|    790.000|         -|       79|     -|        no|  1 (~0%)|  1 (~0%)|  296 (~0%)|    682 (1%)|    -|
    |   o VITIS_LOOP_78_3_VITIS_LOOP_79_4_VITIS_LOOP_80_5                       |     -|  7.30|       77|    770.000|         7|        1|    72|       yes|        -|        -|          -|           -|    -|
    | o fc1_loop                                                                |     -|  7.30|    25472|  2.547e+05|       796|        -|    32|        no|        -|        -|          -|           -|    -|
    |  + cnn_accel_Pipeline_VITIS_LOOP_128_1_VITIS_LOOP_129_2_VITIS_LOOP_130_3  |     -|  0.32|      790|  7.900e+03|         -|      790|     -|        no|  16 (5%)|  1 (~0%)|  194 (~0%)|   424 (~0%)|    -|
    |   o VITIS_LOOP_128_1_VITIS_LOOP_129_2_VITIS_LOOP_130_3                    |     -|  7.30|      788|  7.880e+03|         6|        1|   784|       yes|        -|        -|          -|           -|    -|
    | o fc2_loop                                                                |     -|  7.30|      410|  4.100e+03|        41|        -|    10|        no|        -|        -|          -|           -|    -|
    |  + cnn_accel_Pipeline_VITIS_LOOP_148_1                                    |     -|  2.22|       37|    370.000|         -|       37|     -|        no|  1 (~0%)|  1 (~0%)|  176 (~0%)|   310 (~0%)|    -|
    |   o VITIS_LOOP_148_1                                                      |     -|  7.30|       35|    350.000|         5|        1|    32|       yes|        -|        -|          -|           -|    -|
    +---------------------------------------------------------------------------+------+------+---------+-----------+----------+---------+------+----------+---------+---------+-----------+------------+-----+


================================================================
== HW Interfaces
================================================================
* M_AXI
+------------+------------+---------------+---------+--------+----------+-----------+--------------+--------------+-------------+-------------+
| Interface  | Data Width | Address Width | Latency | Offset | Register | Max Widen | Max Read     | Max Write    | Num Read    | Num Write   |
|            | (SW->HW)   |               |         |        |          | Bitwidth  | Burst Length | Burst Length | Outstanding | Outstanding |
+------------+------------+---------------+---------+--------+----------+-----------+--------------+--------------+-------------+-------------+
| m_axi_gmem | 8 -> 8     | 64            | 0       | slave  | 0        | 0         | 16           | 16           | 16          | 16          |
+------------+------------+---------------+---------+--------+----------+-----------+--------------+--------------+-------------+-------------+

* S_AXILITE Interfaces
+---------------+------------+---------------+--------+----------+
| Interface     | Data Width | Address Width | Offset | Register |
+---------------+------------+---------------+--------+----------+
| s_axi_control | 32         | 6             | 16     | 0        |
+---------------+------------+---------------+--------+----------+

* S_AXILITE Registers
+---------------+--------------+--------+-------+--------+----------------------------------+----------------------------------------------------------------------+
| Interface     | Register     | Offset | Width | Access | Description                      | Bit Fields                                                           |
+---------------+--------------+--------+-------+--------+----------------------------------+----------------------------------------------------------------------+
| s_axi_control | CTRL         | 0x00   | 32    | RW     | Control signals                  | 0=AP_START 1=AP_DONE 2=AP_IDLE 3=AP_READY 7=AUTO_RESTART 9=INTERRUPT |
| s_axi_control | GIER         | 0x04   | 32    | RW     | Global Interrupt Enable Register | 0=Enable                                                             |
| s_axi_control | IP_IER       | 0x08   | 32    | RW     | IP Interrupt Enable Register     | 0=CHAN0_INT_EN 1=CHAN1_INT_EN                                        |
| s_axi_control | IP_ISR       | 0x0c   | 32    | RW     | IP Interrupt Status Register     | 0=CHAN0_INT_ST 1=CHAN1_INT_ST                                        |
| s_axi_control | image_r_1    | 0x10   | 32    | W      | Data signal of image_r           |                                                                      |
| s_axi_control | image_r_2    | 0x14   | 32    | W      | Data signal of image_r           |                                                                      |
| s_axi_control | label_r      | 0x1c   | 32    | R      | Data signal of label_r           |                                                                      |
| s_axi_control | label_r_ctrl | 0x20   | 32    | R      | Control signal of label_r        | 0=label_r_ap_vld                                                     |
+---------------+--------------+--------+-------+--------+----------------------------------+----------------------------------------------------------------------+

* TOP LEVEL CONTROL
+-----------+------------+-----------+
| Interface | Type       | Ports     |
+-----------+------------+-----------+
| ap_clk    | clock      | ap_clk    |
| ap_rst_n  | reset      | ap_rst_n  |
| interrupt | interrupt  | interrupt |
| ap_ctrl   | ap_ctrl_hs |           |
+-----------+------------+-----------+


================================================================
== SW I/O Information
================================================================
* Top Function Arguments
+----------+-----------+-------------------+
| Argument | Direction | Datatype          |
+----------+-----------+-------------------+
| image    | in        | ap_int<8> const * |
| label    | out       | ap_uint<4>&       |
+----------+-----------+-------------------+

* SW-to-HW Mapping
+----------+---------------+-----------+----------+
| Argument | HW Interface  | HW Type   | HW Usage |
+----------+---------------+-----------+----------+
| image    | m_axi_gmem    | interface |          |
| image    | s_axi_control | interface | offset   |
| label    | s_axi_control | interface |          |
+----------+---------------+-----------+----------+


================================================================
== M_AXI Burst Information
================================================================
 Note: All burst requests might be further partitioned into multiple requests during RTL generation based on max_read_burst_length or max_write_burst_length settings.

* Inferred Bursts and Widening Missed
+--------------+----------+-----------------+-------------------------------------------+------------+----------------------------------------+
| HW Interface | Variable | Loop            | Problem                                   | Resolution | Location                               |
+--------------+----------+-----------------+-------------------------------------------+------------+----------------------------------------+
| m_axi_gmem   | image    | VITIS_LOOP_28_2 | Access pix.V is in the conditional branch | 214-232    | mnist_fpga_cnn/hls/cnn_accel.cpp:28:30 |
| m_axi_gmem   | image    |                 | Access is clobbered by pix.V              | 214-231    | mnist_fpga_cnn/hls/cnn_accel.cpp:36:43 |
| m_axi_gmem   | image    | VITIS_LOOP_28_2 | Access pix.V is in the conditional branch | 214-232    | mnist_fpga_cnn/hls/cnn_accel.cpp:28:30 |
| m_axi_gmem   | image    | VITIS_LOOP_28_2 | Access pix.V is in the conditional branch | 214-232    | mnist_fpga_cnn/hls/cnn_accel.cpp:28:30 |
| m_axi_gmem   | image    |                 | Access is clobbered by pix.V              | 214-231    | mnist_fpga_cnn/hls/cnn_accel.cpp:36:43 |
| m_axi_gmem   | image    | VITIS_LOOP_28_2 | Access pix.V is in the conditional branch | 214-232    | mnist_fpga_cnn/hls/cnn_accel.cpp:28:30 |
| m_axi_gmem   | image    | VITIS_LOOP_28_2 | Access pix.V is in the conditional branch | 214-232    | mnist_fpga_cnn/hls/cnn_accel.cpp:28:30 |
| m_axi_gmem   | image    |                 | Access is clobbered by pix.V              | 214-231    | mnist_fpga_cnn/hls/cnn_accel.cpp:36:43 |
| m_axi_gmem   | image    | VITIS_LOOP_28_2 | Access pix.V is in the conditional branch | 214-232    | mnist_fpga_cnn/hls/cnn_accel.cpp:28:30 |
+--------------+----------+-----------------+-------------------------------------------+------------+----------------------------------------+

    * Resolution URL: www.xilinx.com/cgi-bin/docs/rdoc?v=2022.2;t=hls+guidance;d=XXX-YYY.html (replace XXX-YYY with column value)

================================================================
== Bind Op Report
================================================================
+--------------------------------------------------------------------------+-----+--------+------------------------+-----+--------+---------+
| Name                                                                     | DSP | Pragma | Variable               | Op  | Impl   | Latency |
+--------------------------------------------------------------------------+-----+--------+------------------------+-----+--------+---------+
| + cnn_accel                                                              | 16  |        |                        |     |        |         |
|   add_ln74_1_fu_646_p2                                                   | -   |        | add_ln74_1             | add | fabric | 0       |
|   add_ln74_fu_658_p2                                                     | -   |        | add_ln74               | add | fabric | 0       |
|   sub_ln90_fu_707_p2                                                     | -   |        | sub_ln90               | sub | fabric | 0       |
|   add_ln75_fu_749_p2                                                     | -   |        | add_ln75               | add | fabric | 0       |
|   add_ln90_fu_791_p2                                                     | -   |        | add_ln90               | add | fabric | 0       |
|   p_mid143_fu_863_p2                                                     | -   |        | p_mid143               | add | fabric | 0       |
|   mul_32ns_16ns_47_2_1_U100                                              | 2   |        | scaled_V_2             | mul | auto   | 1       |
|   scaled_V_3_fu_902_p2                                                   | -   |        | scaled_V_3             | add | fabric | 0       |
|   add_ln76_fu_958_p2                                                     | -   |        | add_ln76               | add | fabric | 0       |
|   add_ln75_1_fu_963_p2                                                   | -   |        | add_ln75_1             | add | fabric | 0       |
|   add_ln125_1_fu_1004_p2                                                 | -   |        | add_ln125_1            | add | fabric | 0       |
|   add_ln125_fu_1016_p2                                                   | -   |        | add_ln125              | add | fabric | 0       |
|   mul_32ns_16ns_47_2_1_U101                                              | 2   |        | scaled_V               | mul | auto   | 1       |
|   scaled_V_4_fu_1187_p2                                                  | -   |        | scaled_V_4             | add | fabric | 0       |
|   add_ln146_fu_1447_p2                                                   | -   |        | add_ln146              | add | fabric | 0       |
|  + conv1_layer                                                           | 9   |        |                        |     |        |         |
|    empty_fu_784_p2                                                       | -   |        | empty                  | sub | fabric | 0       |
|    indvars_iv_next91_fu_794_p2                                           | -   |        | indvars_iv_next91      | add | fabric | 0       |
|    add_ln36_fu_805_p2                                                    | -   |        | add_ln36               | add | fabric | 0       |
|    add_ln36_1_fu_811_p2                                                  | -   |        | add_ln36_1             | add | fabric | 0       |
|    add_ln36_2_fu_816_p2                                                  | -   |        | add_ln36_2             | add | fabric | 0       |
|    add_ln26_1_fu_572_p2                                                  | -   |        | add_ln26_1             | add | fabric | 0       |
|    add_ln26_fu_584_p2                                                    | -   |        | add_ln26               | add | fabric | 0       |
|    sub_ln41_fu_636_p2                                                    | -   |        | sub_ln41               | sub | fabric | 0       |
|    indvars_iv_next91_dup_fu_678_p2                                       | -   |        | indvars_iv_next91_dup  | add | fabric | 0       |
|    p_mid1_fu_883_p2                                                      | -   |        | p_mid1                 | sub | fabric | 0       |
|    indvars_iv_next91_mid1_fu_893_p2                                      | -   |        | indvars_iv_next91_mid1 | add | fabric | 0       |
|    add_ln36_12_fu_911_p2                                                 | -   |        | add_ln36_12            | add | fabric | 0       |
|    add_ln36_mid2_fu_997_p2                                               | -   |        | add_ln36_mid2          | add | fabric | 0       |
|    add_ln36_13_fu_917_p2                                                 | -   |        | add_ln36_13            | add | fabric | 0       |
|    add_ln36_14_fu_929_p2                                                 | -   |        | add_ln36_14            | add | fabric | 0       |
|    add_ln36_2_mid2_fu_1012_p2                                            | -   |        | add_ln36_2_mid2        | add | fabric | 0       |
|    add_ln41_fu_706_p2                                                    | -   |        | add_ln41               | add | fabric | 0       |
|    add_ln34_fu_1023_p2                                                   | -   |        | add_ln34               | add | fabric | 0       |
|    add_ln36_3_fu_1044_p2                                                 | -   |        | add_ln36_3             | add | fabric | 0       |
|    mac_muladd_8s_7ns_14s_16_4_1_U2                                       | 1   |        | mul_ln840              | mul | dsp48  | 3       |
|    mac_muladd_8s_7ns_14s_16_4_1_U2                                       | 1   |        | acc_V                  | add | dsp48  | 3       |
|    add_ln36_4_fu_1056_p2                                                 | -   |        | add_ln36_4             | add | fabric | 0       |
|    mac_muladd_8s_8s_16ns_16_4_1_U3                                       | 1   |        | mul_ln840_1            | mul | dsp48  | 3       |
|    mac_muladd_8s_8s_16ns_16_4_1_U3                                       | 1   |        | acc_V_2                | add | dsp48  | 3       |
|    add_ln34_1_fu_1068_p2                                                 | -   |        | add_ln34_1             | add | fabric | 0       |
|    add_ln36_5_fu_1088_p2                                                 | -   |        | add_ln36_5             | add | fabric | 0       |
|    mac_muladd_8s_8s_16s_17_4_1_U4                                        | 1   |        | mul_ln840_2            | mul | dsp48  | 3       |
|    mac_muladd_8s_8s_16s_17_4_1_U4                                        | 1   |        | acc_V_4                | add | dsp48  | 3       |
|    add_ln36_6_fu_1100_p2                                                 | -   |        | add_ln36_6             | add | fabric | 0       |
|    mac_muladd_8s_8s_17s_17_4_1_U5                                        | 1   |        | mul_ln840_3            | mul | dsp48  | 3       |
|    mac_muladd_8s_8s_17s_17_4_1_U5                                        | 1   |        | acc_V_6                | add | dsp48  | 3       |
|    add_ln36_7_fu_1111_p2                                                 | -   |        | add_ln36_7             | add | fabric | 0       |
|    mac_muladd_8s_8s_17s_18_4_1_U6                                        | 1   |        | mul_ln840_4            | mul | dsp48  | 3       |
|    mac_muladd_8s_8s_17s_18_4_1_U6                                        | 1   |        | acc_V_8                | add | dsp48  | 3       |
|    add_ln36_8_fu_1122_p2                                                 | -   |        | add_ln36_8             | add | fabric | 0       |
|    mac_muladd_8s_8s_18s_18_4_1_U7                                        | 1   |        | mul_ln840_5            | mul | dsp48  | 3       |
|    mac_muladd_8s_8s_18s_18_4_1_U7                                        | 1   |        | acc_V_9                | add | dsp48  | 3       |
|    add_ln36_9_fu_1138_p2                                                 | -   |        | add_ln36_9             | add | fabric | 0       |
|    mac_muladd_8s_8s_18s_18_4_1_U8                                        | 1   |        | mul_ln840_6            | mul | dsp48  | 3       |
|    mac_muladd_8s_8s_18s_18_4_1_U8                                        | 1   |        | acc_V_11               | add | dsp48  | 3       |
|    add_ln36_10_fu_1150_p2                                                | -   |        | add_ln36_10            | add | fabric | 0       |
|    mac_muladd_8s_8s_18s_18_4_1_U9                                        | 1   |        | mul_ln840_7            | mul | dsp48  | 3       |
|    mac_muladd_8s_8s_18s_18_4_1_U9                                        | 1   |        | acc_V_13               | add | dsp48  | 3       |
|    add_ln36_11_fu_1167_p2                                                | -   |        | add_ln36_11            | add | fabric | 0       |
|    mac_muladd_8s_8s_18s_18_4_1_U10                                       | 1   |        | mul_ln840_8            | mul | dsp48  | 3       |
|    mac_muladd_8s_8s_18s_18_4_1_U10                                       | 1   |        | acc_V_15               | add | dsp48  | 3       |
|    scaled_V_1_fu_1282_p2                                                 | -   |        | scaled_V_1             | add | fabric | 0       |
|    indvar_flatten_op_fu_728_p2                                           | -   |        | indvar_flatten_op      | add | fabric | 0       |
|  + cnn_accel_Pipeline_pool1_loop_VITIS_LOOP_53_1_VITIS_LOOP_54_2         | 0   |        |                        |     |        |         |
|    add_ln52_1_fu_185_p2                                                  | -   |        | add_ln52_1             | add | fabric | 0       |
|    add_ln52_fu_203_p2                                                    | -   |        | add_ln52               | add | fabric | 0       |
|    sub_ln56_fu_255_p2                                                    | -   |        | sub_ln56               | sub | fabric | 0       |
|    add_ln53_fu_283_p2                                                    | -   |        | add_ln53               | add | fabric | 0       |
|    add_ln56_fu_315_p2                                                    | -   |        | add_ln56               | add | fabric | 0       |
|    sub_ln56_1_fu_384_p2                                                  | -   |        | sub_ln56_1             | sub | fabric | 0       |
|    add_ln56_1_fu_430_p2                                                  | -   |        | add_ln56_1             | add | fabric | 0       |
|    add_ln57_fu_451_p2                                                    | -   |        | add_ln57               | add | fabric | 0       |
|    add_ln54_fu_325_p2                                                    | -   |        | add_ln54               | add | fabric | 0       |
|    add_ln53_1_fu_331_p2                                                  | -   |        | add_ln53_1             | add | fabric | 0       |
|  + cnn_accel_Pipeline_pool2_loop_VITIS_LOOP_102_1_VITIS_LOOP_103_2       | 0   |        |                        |     |        |         |
|    add_ln101_1_fu_185_p2                                                 | -   |        | add_ln101_1            | add | fabric | 0       |
|    add_ln101_fu_203_p2                                                   | -   |        | add_ln101              | add | fabric | 0       |
|    sub_ln105_fu_247_p2                                                   | -   |        | sub_ln105              | sub | fabric | 0       |
|    add_ln102_fu_275_p2                                                   | -   |        | add_ln102              | add | fabric | 0       |
|    add_ln105_fu_307_p2                                                   | -   |        | add_ln105              | add | fabric | 0       |
|    sub_ln105_1_fu_376_p2                                                 | -   |        | sub_ln105_1            | sub | fabric | 0       |
|    add_ln105_1_fu_412_p2                                                 | -   |        | add_ln105_1            | add | fabric | 0       |
|    add_ln106_fu_433_p2                                                   | -   |        | add_ln106              | add | fabric | 0       |
|    add_ln103_fu_317_p2                                                   | -   |        | add_ln103              | add | fabric | 0       |
|    add_ln102_1_fu_323_p2                                                 | -   |        | add_ln102_1            | add | fabric | 0       |
|  + cnn_accel_Pipeline_VITIS_LOOP_78_3_VITIS_LOOP_79_4_VITIS_LOOP_80_5    | 1   |        |                        |     |        |         |
|    empty_fu_380_p2                                                       | -   |        | empty                  | add | fabric | 0       |
|    empty_43_fu_389_p2                                                    | -   |        | empty_43               | add | fabric | 0       |
|    add_ln78_1_fu_243_p2                                                  | -   |        | add_ln78_1             | add | fabric | 0       |
|    add_ln78_fu_258_p2                                                    | -   |        | add_ln78               | add | fabric | 0       |
|    add_ln186_fu_410_p2                                                   | -   |        | add_ln186              | add | fabric | 0       |
|    sub_ln85_fu_459_p2                                                    | -   |        | sub_ln85               | sub | fabric | 0       |
|    add_ln79_fu_304_p2                                                    | -   |        | add_ln79               | add | fabric | 0       |
|    p_mid1_fu_507_p2                                                      | -   |        | p_mid1                 | add | fabric | 0       |
|    p_mid121_fu_516_p2                                                    | -   |        | p_mid121               | add | fabric | 0       |
|    add_ln85_fu_533_p2                                                    | -   |        | add_ln85               | add | fabric | 0       |
|    add_ln83_fu_569_p2                                                    | -   |        | add_ln83               | add | fabric | 0       |
|    add_ln83_1_fu_578_p2                                                  | -   |        | add_ln83_1             | add | fabric | 0       |
|    mac_muladd_8s_8s_32s_32_4_1_U34                                       | 1   |        | mul_ln840              | mul | dsp48  | 3       |
|    mac_muladd_8s_8s_32s_32_4_1_U34                                       | 1   |        | acc_V_18               | add | dsp48  | 3       |
|    add_ln80_fu_332_p2                                                    | -   |        | add_ln80               | add | fabric | 0       |
|    add_ln79_1_fu_338_p2                                                  | -   |        | add_ln79_1             | add | fabric | 0       |
|  + cnn_accel_Pipeline_VITIS_LOOP_128_1_VITIS_LOOP_129_2_VITIS_LOOP_130_3 | 1   |        |                        |     |        |         |
|    add_ln128_2_fu_209_p2                                                 | -   |        | add_ln128_2            | add | fabric | 0       |
|    add_ln128_fu_233_p2                                                   | -   |        | add_ln128              | add | fabric | 0       |
|    add_ln128_1_fu_239_p2                                                 | -   |        | add_ln128_1            | add | fabric | 0       |
|    sub_ln132_fu_291_p2                                                   | -   |        | sub_ln132              | sub | fabric | 0       |
|    add_ln129_fu_327_p2                                                   | -   |        | add_ln129              | add | fabric | 0       |
|    add_ln129_1_fu_333_p2                                                 | -   |        | add_ln129_1            | add | fabric | 0       |
|    add_ln132_fu_365_p2                                                   | -   |        | add_ln132              | add | fabric | 0       |
|    add_ln186_fu_477_p2                                                   | -   |        | add_ln186              | add | fabric | 0       |
|    mac_muladd_8s_8s_25s_25_4_1_U49                                       | 1   |        | mul_ln840              | mul | dsp48  | 3       |
|    mac_muladd_8s_8s_25s_25_4_1_U49                                       | 1   |        | acc_V_21               | add | dsp48  | 3       |
|    add_ln133_fu_487_p2                                                   | -   |        | add_ln133              | add | fabric | 0       |
|    add_ln130_fu_379_p2                                                   | -   |        | add_ln130              | add | fabric | 0       |
|    add_ln129_2_fu_385_p2                                                 | -   |        | add_ln129_2            | add | fabric | 0       |
|  + cnn_accel_Pipeline_VITIS_LOOP_148_1                                   | 1   |        |                        |     |        |         |
|    add_ln148_fu_377_p2                                                   | -   |        | add_ln148              | add | fabric | 0       |
|    add_ln186_fu_387_p2                                                   | -   |        | add_ln186              | add | fabric | 0       |
|    mac_muladd_8s_8s_20s_20_4_1_U57                                       | 1   |        | mul_ln840              | mul | dsp48  | 3       |
|    mac_muladd_8s_8s_20s_20_4_1_U57                                       | 1   |        | score_V_1              | add | dsp48  | 3       |
|  + cnn_accel_Pipeline_argmax_loop                                        | 0   |        |                        |     |        |         |
|    o_2_fu_105_p2                                                         | -   |        | o_2                    | add | fabric | 0       |
+--------------------------------------------------------------------------+-----+--------+------------------------+-----+--------+---------+


================================================================
== Bind Storage Report
================================================================
+--------------------------------------------------------------------------+------+------+--------+--------------------------------------------+---------+------+---------+
| Name                                                                     | BRAM | URAM | Pragma | Variable                                   | Storage | Impl | Latency |
+--------------------------------------------------------------------------+------+------+--------+--------------------------------------------+---------+------+---------+
| + cnn_accel                                                              | 26   | 0    |        |                                            |         |      |         |
|   cnn_accel_ap_int_8_const_ap_uint_4_conv1_U                             | 2    | -    |        | cnn_accel_ap_int_8_const_ap_uint_4_conv1   | ram_s2p | auto | 1       |
|   cnn_accel_ap_int_8_const_ap_uint_4_conv1_1_U                           | 2    | -    |        | cnn_accel_ap_int_8_const_ap_uint_4_conv1_1 | ram_s2p | auto | 1       |
|   pool1_V_U                                                              | 1    | -    |        | pool1_V                                    | ram_1p  | auto | 1       |
|   cnn_accel_ap_int_8_const_ap_uint_4_conv2_U                             | 1    | -    |        | cnn_accel_ap_int_8_const_ap_uint_4_conv2   | ram_s2p | auto | 1       |
|   cnn_accel_ap_int_8_const_ap_uint_4_conv2_2_U                           | 1    | -    |        | cnn_accel_ap_int_8_const_ap_uint_4_conv2_2 | ram_s2p | auto | 1       |
|   pool2_V_U                                                              | 1    | -    |        | pool2_V                                    | ram_1p  | auto | 1       |
|   B_CONV2_V_U                                                            | -    | -    |        | B_CONV2_V                                  | rom_1p  | auto | 1       |
|   B_FC1_V_U                                                              | -    | -    |        | B_FC1_V                                    | rom_1p  | auto | 1       |
|   B_FC2_V_U                                                              | -    | -    |        | B_FC2_V                                    | rom_1p  | auto | 1       |
|   logits_V_U                                                             | -    | -    |        | logits_V                                   | ram_1p  | auto | 1       |
|  + conv1_layer                                                           | 0    | 0    |        |                                            |         |      |         |
|    B_CONV1_V_U                                                           | -    | -    |        | B_CONV1_V                                  | rom_1p  | auto | 1       |
|    W_CONV1_V_0_1_1_U                                                     | -    | -    |        | W_CONV1_V_0_1_1                            | rom_1p  | auto | 1       |
|    W_CONV1_V_0_0_0_U                                                     | -    | -    |        | W_CONV1_V_0_0_0                            | rom_1p  | auto | 1       |
|    W_CONV1_V_0_0_1_U                                                     | -    | -    |        | W_CONV1_V_0_0_1                            | rom_1p  | auto | 1       |
|    W_CONV1_V_0_0_2_U                                                     | -    | -    |        | W_CONV1_V_0_0_2                            | rom_1p  | auto | 1       |
|    W_CONV1_V_0_1_0_U                                                     | -    | -    |        | W_CONV1_V_0_1_0                            | rom_1p  | auto | 1       |
|    W_CONV1_V_0_1_2_U                                                     | -    | -    |        | W_CONV1_V_0_1_2                            | rom_1p  | auto | 1       |
|    W_CONV1_V_0_2_0_U                                                     | -    | -    |        | W_CONV1_V_0_2_0                            | rom_1p  | auto | 1       |
|    W_CONV1_V_0_2_1_U                                                     | -    | -    |        | W_CONV1_V_0_2_1                            | rom_1p  | auto | 1       |
|    W_CONV1_V_0_2_2_U                                                     | -    | -    |        | W_CONV1_V_0_2_2                            | rom_1p  | auto | 1       |
|  + cnn_accel_Pipeline_VITIS_LOOP_78_3_VITIS_LOOP_79_4_VITIS_LOOP_80_5    | 1    | 0    |        |                                            |         |      |         |
|    W_CONV2_V_U                                                           | 1    | -    |        | W_CONV2_V                                  | rom_1p  | auto | 1       |
|  + cnn_accel_Pipeline_VITIS_LOOP_128_1_VITIS_LOOP_129_2_VITIS_LOOP_130_3 | 16   | 0    |        |                                            |         |      |         |
|    W_FC1_V_U                                                             | 16   | -    |        | W_FC1_V                                    | rom_1p  | auto | 1       |
|  + cnn_accel_Pipeline_VITIS_LOOP_148_1                                   | 1    | 0    |        |                                            |         |      |         |
|    W_FC2_V_U                                                             | 1    | -    |        | W_FC2_V                                    | rom_1p  | auto | 1       |
+--------------------------------------------------------------------------+------+------+--------+--------------------------------------------+---------+------+---------+


================================================================
== Pragma Report
================================================================
* Valid Pragma Syntax
+-----------------+--------------------------------------------------------------+-----------------------------------------------------------+
| Type            | Options                                                      | Location                                                  |
+-----------------+--------------------------------------------------------------+-----------------------------------------------------------+
| pipeline        | II=1                                                         | mnist_fpga_cnn/hls/cnn_accel.cpp:29 in conv1_layer        |
| pipeline        | II=1                                                         | mnist_fpga_cnn/hls/cnn_accel.cpp:55 in pool1_layer        |
| pipeline        | II=1                                                         | mnist_fpga_cnn/hls/cnn_accel.cpp:81 in conv2_layer        |
| pipeline        | II=1                                                         | mnist_fpga_cnn/hls/cnn_accel.cpp:104 in pool2_layer       |
| array_partition | variable=fc1 complete dim=1                                  | mnist_fpga_cnn/hls/cnn_accel.cpp:122 in fc1_layer, fc1    |
| pipeline        | II=1                                                         | mnist_fpga_cnn/hls/cnn_accel.cpp:131 in fc1_layer         |
| pipeline        | II=1                                                         | mnist_fpga_cnn/hls/cnn_accel.cpp:149 in fc2_layer         |
| interface       | m_axi port=image offset=slave bundle=gmem depth=MNIST_PIXELS | mnist_fpga_cnn/hls/cnn_accel.cpp:157 in cnn_accel, image  |
| interface       | s_axilite port=image bundle=control                          | mnist_fpga_cnn/hls/cnn_accel.cpp:158 in cnn_accel, image  |
| interface       | s_axilite port=label bundle=control                          | mnist_fpga_cnn/hls/cnn_accel.cpp:159 in cnn_accel, label  |
| interface       | s_axilite port=return bundle=control                         | mnist_fpga_cnn/hls/cnn_accel.cpp:160 in cnn_accel, return |
| pipeline        | II=1                                                         | mnist_fpga_cnn/hls/cnn_accel.cpp:181 in cnn_accel         |
+-----------------+--------------------------------------------------------------+-----------------------------------------------------------+


