

================================================================
== Vitis HLS Report for 'cnn_accel_Pipeline_pool2_loop_VITIS_LOOP_124_1_VITIS_LOOP_125_2'
================================================================
* Date:           Thu Jul  2 01:49:09 2026

* Version:        2022.2 (Build 3670227 on Oct 13 2022)
* Project:        hls_minst_cnn
* Solution:       solution3 (Vivado IP Flow Target)
* Product family: zynq
* Target device:  xc7z020-clg400-1


================================================================
== Performance Estimates
================================================================
+ Timing: 
    * Summary: 
    +--------+----------+----------+------------+
    |  Clock |  Target  | Estimated| Uncertainty|
    +--------+----------+----------+------------+
    |ap_clk  |  10.00 ns|  6.860 ns|     2.70 ns|
    +--------+----------+----------+------------+

+ Latency: 
    * Summary: 
    +---------+---------+----------+----------+-----+-----+---------+
    |  Latency (cycles) |  Latency (absolute) |  Interval | Pipeline|
    |   min   |   max   |    min   |    max   | min | max |   Type  |
    +---------+---------+----------+----------+-----+-----+---------+
    |      789|      789|  7.890 us|  7.890 us|  789|  789|       no|
    +---------+---------+----------+----------+-----+-----+---------+

    + Detail: 
        * Instance: 
        N/A

        * Loop: 
        +------------------------------------------------+---------+---------+----------+-----------+-----------+------+----------+
        |                                                |  Latency (cycles) | Iteration|  Initiation Interval  | Trip |          |
        |                    Loop Name                   |   min   |   max   |  Latency |  achieved |   target  | Count| Pipelined|
        +------------------------------------------------+---------+---------+----------+-----------+-----------+------+----------+
        |- pool2_loop_VITIS_LOOP_124_1_VITIS_LOOP_125_2  |      787|      787|         5|          1|          1|   784|       yes|
        +------------------------------------------------+---------+---------+----------+-----------+-----------+------+----------+



================================================================
== Utilization Estimates
================================================================
* Summary: 
+-----------------+---------+-----+--------+-------+-----+
|       Name      | BRAM_18K| DSP |   FF   |  LUT  | URAM|
+-----------------+---------+-----+--------+-------+-----+
|DSP              |        -|    -|       -|      -|    -|
|Expression       |        -|    -|       0|    243|    -|
|FIFO             |        -|    -|       -|      -|    -|
|Instance         |        -|    -|       -|      -|    -|
|Memory           |        -|    -|       -|      -|    -|
|Multiplexer      |        -|    -|       -|    108|    -|
|Register         |        -|    -|     295|     96|    -|
+-----------------+---------+-----+--------+-------+-----+
|Total            |        0|    0|     295|    447|    0|
+-----------------+---------+-----+--------+-------+-----+
|Available        |      280|  220|  106400|  53200|    0|
+-----------------+---------+-----+--------+-------+-----+
|Utilization (%)  |        0|    0|      ~0|     ~0|    0|
+-----------------+---------+-----+--------+-------+-----+

+ Detail: 
    * Instance: 
    N/A

    * DSP: 
    N/A

    * Memory: 
    N/A

    * FIFO: 
    N/A

    * Expression: 
    +--------------------------+----------+----+---+----+------------+------------+
    |       Variable Name      | Operation| DSP| FF| LUT| Bitwidth P0| Bitwidth P1|
    +--------------------------+----------+----+---+----+------------+------------+
    |add_ln123_1_fu_207_p2     |         +|   0|  0|  13|          10|           1|
    |add_ln123_fu_222_p2       |         +|   0|  0|  13|           5|           1|
    |add_ln124_1_fu_356_p2     |         +|   0|  0|  14|           6|           1|
    |add_ln124_fu_294_p2       |         +|   0|  0|  11|           3|           1|
    |add_ln125_fu_350_p2       |         +|   0|  0|  11|           3|           1|
    |add_ln127_1_fu_426_p2     |         +|   0|  0|  12|          11|          11|
    |add_ln127_fu_326_p2       |         +|   0|  0|  13|          10|          10|
    |add_ln128_fu_447_p2       |         +|   0|  0|  12|          11|          11|
    |sub_ln127_1_fu_409_p2     |         -|   0|  0|  12|          11|          11|
    |sub_ln127_fu_266_p2       |         -|   0|  0|  14|           9|           9|
    |and_ln123_fu_288_p2       |       and|   0|  0|   2|           1|           1|
    |icmp_ln1035_1_fu_472_p2   |      icmp|   0|  0|  11|           8|           8|
    |icmp_ln1035_2_fu_484_p2   |      icmp|   0|  0|  11|           8|           8|
    |icmp_ln1035_fu_458_p2     |      icmp|   0|  0|  11|           8|           8|
    |icmp_ln123_fu_201_p2      |      icmp|   0|  0|  11|          10|           9|
    |icmp_ln124_fu_228_p2      |      icmp|   0|  0|  10|           6|           5|
    |icmp_ln125_fu_282_p2      |      icmp|   0|  0|   8|           3|           2|
    |or_ln124_fu_300_p2        |        or|   0|  0|   2|           1|           1|
    |or_ln128_fu_437_p2        |        or|   0|  0|   4|           4|           1|
    |m_V_1_fu_464_p3           |    select|   0|  0|   8|           1|           8|
    |m_V_3_fu_477_p3           |    select|   0|  0|   8|           1|           8|
    |m_V_4_fu_488_p3           |    select|   0|  0|   8|           1|           8|
    |select_ln123_1_fu_242_p3  |    select|   0|  0|   5|           1|           5|
    |select_ln123_fu_234_p3    |    select|   0|  0|   3|           1|           1|
    |select_ln124_1_fu_314_p3  |    select|   0|  0|   3|           1|           3|
    |select_ln124_2_fu_362_p3  |    select|   0|  0|   6|           1|           1|
    |select_ln124_fu_306_p3    |    select|   0|  0|   3|           1|           1|
    |ap_enable_pp0             |       xor|   0|  0|   2|           1|           2|
    |xor_ln123_fu_276_p2       |       xor|   0|  0|   2|           1|           2|
    +--------------------------+----------+----+---+----+------------+------------+
    |Total                     |          |   0|  0| 243|         138|         139|
    +--------------------------+----------+----+---+----+------------+------------+

    * Multiplexer: 
    +----------------------------------------+----+-----------+-----+-----------+
    |                  Name                  | LUT| Input Size| Bits| Total Bits|
    +----------------------------------------+----+-----------+-----+-----------+
    |ap_done_int                             |   9|          2|    1|          2|
    |ap_enable_reg_pp0_iter1                 |   9|          2|    1|          2|
    |ap_sig_allocacmp_c_load                 |   9|          2|    5|         10|
    |ap_sig_allocacmp_indvar_flatten28_load  |   9|          2|    6|         12|
    |ap_sig_allocacmp_indvar_flatten42_load  |   9|          2|   10|         20|
    |ap_sig_allocacmp_x_load                 |   9|          2|    3|          6|
    |ap_sig_allocacmp_y_load                 |   9|          2|    3|          6|
    |c_fu_86                                 |   9|          2|    5|         10|
    |indvar_flatten28_fu_82                  |   9|          2|    6|         12|
    |indvar_flatten42_fu_90                  |   9|          2|   10|         20|
    |x_fu_74                                 |   9|          2|    3|          6|
    |y_fu_78                                 |   9|          2|    3|          6|
    +----------------------------------------+----+-----------+-----+-----------+
    |Total                                   | 108|         24|   56|        112|
    +----------------------------------------+----+-----------+-----+-----------+

    * Register: 
    +----------------------------------+----+----+-----+-----------+
    |               Name               | FF | LUT| Bits| Const Bits|
    +----------------------------------+----+----+-----+-----------+
    |add_ln127_reg_552                 |  10|   0|   10|          0|
    |ap_CS_fsm                         |   1|   0|    1|          0|
    |ap_done_reg                       |   1|   0|    1|          0|
    |ap_enable_reg_pp0_iter1           |   1|   0|    1|          0|
    |ap_enable_reg_pp0_iter2           |   1|   0|    1|          0|
    |ap_enable_reg_pp0_iter3           |   1|   0|    1|          0|
    |ap_enable_reg_pp0_iter4           |   1|   0|    1|          0|
    |ap_loop_exit_ready_pp0_iter1_reg  |   1|   0|    1|          0|
    |ap_loop_exit_ready_pp0_iter2_reg  |   1|   0|    1|          0|
    |ap_loop_exit_ready_pp0_iter3_reg  |   1|   0|    1|          0|
    |c_fu_86                           |   5|   0|    5|          0|
    |indvar_flatten28_fu_82            |   6|   0|    6|          0|
    |indvar_flatten42_fu_90            |  10|   0|   10|          0|
    |lshr_ln_reg_563                   |   2|   0|    2|          0|
    |m_V_1_reg_602                     |   8|   0|    8|          0|
    |m_V_3_reg_614                     |   8|   0|    8|          0|
    |select_ln124_reg_547              |   3|   0|    3|          0|
    |trunc_ln127_reg_557               |   7|   0|    7|          0|
    |trunc_ln134_reg_568               |   1|   0|    1|          0|
    |v3_V_reg_608                      |   8|   0|    8|          0|
    |x_fu_74                           |   3|   0|    3|          0|
    |y_fu_78                           |   3|   0|    3|          0|
    |zext_ln127_4_reg_572              |  10|   0|   64|         54|
    |zext_ln128_1_reg_582              |  10|   0|   64|         54|
    |lshr_ln_reg_563                   |  64|  32|    2|          0|
    |trunc_ln127_reg_557               |  64|  32|    7|          0|
    |trunc_ln134_reg_568               |  64|  32|    1|          0|
    +----------------------------------+----+----+-----+-----------+
    |Total                             | 295|  96|  221|        108|
    +----------------------------------+----+----+-----+-----------+



================================================================
== Interface
================================================================
* Summary: 
+------------------------------------------------------+-----+-----+------------+-----------------------------------------------------------------+--------------+
|                       RTL Ports                      | Dir | Bits|  Protocol  |                          Source Object                          |    C Type    |
+------------------------------------------------------+-----+-----+------------+-----------------------------------------------------------------+--------------+
|ap_clk                                                |   in|    1|  ap_ctrl_hs|  cnn_accel_Pipeline_pool2_loop_VITIS_LOOP_124_1_VITIS_LOOP_125_2|  return value|
|ap_rst                                                |   in|    1|  ap_ctrl_hs|  cnn_accel_Pipeline_pool2_loop_VITIS_LOOP_124_1_VITIS_LOOP_125_2|  return value|
|ap_start                                              |   in|    1|  ap_ctrl_hs|  cnn_accel_Pipeline_pool2_loop_VITIS_LOOP_124_1_VITIS_LOOP_125_2|  return value|
|ap_done                                               |  out|    1|  ap_ctrl_hs|  cnn_accel_Pipeline_pool2_loop_VITIS_LOOP_124_1_VITIS_LOOP_125_2|  return value|
|ap_idle                                               |  out|    1|  ap_ctrl_hs|  cnn_accel_Pipeline_pool2_loop_VITIS_LOOP_124_1_VITIS_LOOP_125_2|  return value|
|ap_ready                                              |  out|    1|  ap_ctrl_hs|  cnn_accel_Pipeline_pool2_loop_VITIS_LOOP_124_1_VITIS_LOOP_125_2|  return value|
|cnn_accel_ap_int_8_const_ap_uint_4_pool2_address0     |  out|    9|   ap_memory|                         cnn_accel_ap_int_8_const_ap_uint_4_pool2|         array|
|cnn_accel_ap_int_8_const_ap_uint_4_pool2_ce0          |  out|    1|   ap_memory|                         cnn_accel_ap_int_8_const_ap_uint_4_pool2|         array|
|cnn_accel_ap_int_8_const_ap_uint_4_pool2_we0          |  out|    1|   ap_memory|                         cnn_accel_ap_int_8_const_ap_uint_4_pool2|         array|
|cnn_accel_ap_int_8_const_ap_uint_4_pool2_d0           |  out|    8|   ap_memory|                         cnn_accel_ap_int_8_const_ap_uint_4_pool2|         array|
|cnn_accel_ap_int_8_const_ap_uint_4_conv2_address0     |  out|   11|   ap_memory|                         cnn_accel_ap_int_8_const_ap_uint_4_conv2|         array|
|cnn_accel_ap_int_8_const_ap_uint_4_conv2_ce0          |  out|    1|   ap_memory|                         cnn_accel_ap_int_8_const_ap_uint_4_conv2|         array|
|cnn_accel_ap_int_8_const_ap_uint_4_conv2_q0           |   in|    8|   ap_memory|                         cnn_accel_ap_int_8_const_ap_uint_4_conv2|         array|
|cnn_accel_ap_int_8_const_ap_uint_4_conv2_address1     |  out|   11|   ap_memory|                         cnn_accel_ap_int_8_const_ap_uint_4_conv2|         array|
|cnn_accel_ap_int_8_const_ap_uint_4_conv2_ce1          |  out|    1|   ap_memory|                         cnn_accel_ap_int_8_const_ap_uint_4_conv2|         array|
|cnn_accel_ap_int_8_const_ap_uint_4_conv2_q1           |   in|    8|   ap_memory|                         cnn_accel_ap_int_8_const_ap_uint_4_conv2|         array|
|cnn_accel_ap_int_8_const_ap_uint_4_conv2_57_address0  |  out|   11|   ap_memory|                      cnn_accel_ap_int_8_const_ap_uint_4_conv2_57|         array|
|cnn_accel_ap_int_8_const_ap_uint_4_conv2_57_ce0       |  out|    1|   ap_memory|                      cnn_accel_ap_int_8_const_ap_uint_4_conv2_57|         array|
|cnn_accel_ap_int_8_const_ap_uint_4_conv2_57_q0        |   in|    8|   ap_memory|                      cnn_accel_ap_int_8_const_ap_uint_4_conv2_57|         array|
|cnn_accel_ap_int_8_const_ap_uint_4_conv2_57_address1  |  out|   11|   ap_memory|                      cnn_accel_ap_int_8_const_ap_uint_4_conv2_57|         array|
|cnn_accel_ap_int_8_const_ap_uint_4_conv2_57_ce1       |  out|    1|   ap_memory|                      cnn_accel_ap_int_8_const_ap_uint_4_conv2_57|         array|
|cnn_accel_ap_int_8_const_ap_uint_4_conv2_57_q1        |   in|    8|   ap_memory|                      cnn_accel_ap_int_8_const_ap_uint_4_conv2_57|         array|
|cnn_accel_ap_int_8_const_ap_uint_4_pool2_58_address0  |  out|    9|   ap_memory|                      cnn_accel_ap_int_8_const_ap_uint_4_pool2_58|         array|
|cnn_accel_ap_int_8_const_ap_uint_4_pool2_58_ce0       |  out|    1|   ap_memory|                      cnn_accel_ap_int_8_const_ap_uint_4_pool2_58|         array|
|cnn_accel_ap_int_8_const_ap_uint_4_pool2_58_we0       |  out|    1|   ap_memory|                      cnn_accel_ap_int_8_const_ap_uint_4_pool2_58|         array|
|cnn_accel_ap_int_8_const_ap_uint_4_pool2_58_d0        |  out|    8|   ap_memory|                      cnn_accel_ap_int_8_const_ap_uint_4_pool2_58|         array|
+------------------------------------------------------+-----+-----+------------+-----------------------------------------------------------------+--------------+

