

================================================================
== Vitis HLS Report for 'fc1_layer_Pipeline_VITIS_LOOP_151_1_VITIS_LOOP_152_2'
================================================================
* Date:           Thu Jul  2 01:49:10 2026

* Version:        2022.2 (Build 3670227 on Oct 13 2022)
* Project:        hls_minst_cnn
* Solution:       solution3 (Vivado IP Flow Target)
* Product family: zynq
* Target device:  xc7z020-clg400-1


================================================================
== Performance Estimates
================================================================
+ Timing: 
    * Summary: 
    +--------+----------+----------+------------+
    |  Clock |  Target  | Estimated| Uncertainty|
    +--------+----------+----------+------------+
    |ap_clk  |  10.00 ns|  6.797 ns|     2.70 ns|
    +--------+----------+----------+------------+

+ Latency: 
    * Summary: 
    +---------+---------+----------+----------+-----+-----+---------+
    |  Latency (cycles) |  Latency (absolute) |  Interval | Pipeline|
    |   min   |   max   |    min   |    max   | min | max |   Type  |
    +---------+---------+----------+----------+-----+-----+---------+
    |      234|      234|  2.340 us|  2.340 us|  234|  234|       no|
    +---------+---------+----------+----------+-----+-----+---------+

    + Detail: 
        * Instance: 
        N/A

        * Loop: 
        +-------------------------------------+---------+---------+----------+-----------+-----------+------+----------+
        |                                     |  Latency (cycles) | Iteration|  Initiation Interval  | Trip |          |
        |              Loop Name              |   min   |   max   |  Latency |  achieved |   target  | Count| Pipelined|
        +-------------------------------------+---------+---------+----------+-----------+-----------+------+----------+
        |- VITIS_LOOP_151_1_VITIS_LOOP_152_2  |      232|      232|        11|          2|          1|   112|       yes|
        +-------------------------------------+---------+---------+----------+-----------+-----------+------+----------+



================================================================
== Utilization Estimates
================================================================
* Summary: 
+-----------------+---------+-----+--------+-------+-----+
|       Name      | BRAM_18K| DSP |   FF   |  LUT  | URAM|
+-----------------+---------+-----+--------+-------+-----+
|DSP              |        -|    5|       -|      -|    -|
|Expression       |        -|    -|       0|    380|    -|
|FIFO             |        -|    -|       -|      -|    -|
|Instance         |        -|    0|       0|    168|    -|
|Memory           |       32|    -|       0|      0|    -|
|Multiplexer      |        -|    -|       -|    303|    -|
|Register         |        -|    -|     315|     32|    -|
+-----------------+---------+-----+--------+-------+-----+
|Total            |       32|    5|     315|    883|    0|
+-----------------+---------+-----+--------+-------+-----+
|Available        |      280|  220|  106400|  53200|    0|
+-----------------+---------+-----+--------+-------+-----+
|Utilization (%)  |       11|    2|      ~0|      1|    0|
+-----------------+---------+-----+--------+-------+-----+

+ Detail: 
    * Instance: 
    +------------------------+------------------+---------+----+---+----+-----+
    |        Instance        |      Module      | BRAM_18K| DSP| FF| LUT| URAM|
    +------------------------+------------------+---------+----+---+----+-----+
    |mul_8s_8s_16_1_1_U1980  |mul_8s_8s_16_1_1  |        0|   0|  0|  41|    0|
    |mul_8s_8s_16_1_1_U1982  |mul_8s_8s_16_1_1  |        0|   0|  0|  41|    0|
    |mul_8s_8s_16_1_1_U1983  |mul_8s_8s_16_1_1  |        0|   0|  0|  41|    0|
    |mux_21_8_1_1_U1976      |mux_21_8_1_1      |        0|   0|  0|   9|    0|
    |mux_21_8_1_1_U1977      |mux_21_8_1_1      |        0|   0|  0|   9|    0|
    |mux_21_8_1_1_U1978      |mux_21_8_1_1      |        0|   0|  0|   9|    0|
    |mux_21_8_1_1_U1979      |mux_21_8_1_1      |        0|   0|  0|   9|    0|
    |mux_21_8_1_1_U1981      |mux_21_8_1_1      |        0|   0|  0|   9|    0|
    +------------------------+------------------+---------+----+---+----+-----+
    |Total                   |                  |        0|   0|  0| 168|    0|
    +------------------------+------------------+---------+----+---+----+-----+

    * DSP: 
    +------------------------------------+------------------------------+--------------+
    |              Instance              |            Module            |  Expression  |
    +------------------------------------+------------------------------+--------------+
    |mac_muladd_5ns_6ns_7s_11_4_1_U1984  |mac_muladd_5ns_6ns_7s_11_4_1  |  i0 + i1 * i2|
    |mac_muladd_8s_8s_16s_17_4_1_U1985   |mac_muladd_8s_8s_16s_17_4_1   |  i0 + i1 * i2|
    |mac_muladd_8s_8s_16s_17_4_1_U1986   |mac_muladd_8s_8s_16s_17_4_1   |  i0 + i1 * i2|
    |mac_muladd_8s_8s_16s_17_4_1_U1988   |mac_muladd_8s_8s_16s_17_4_1   |  i0 + i1 * i2|
    |mac_muladd_8s_8s_17s_17_4_1_U1987   |mac_muladd_8s_8s_17s_17_4_1   |  i0 + i1 * i2|
    +------------------------------------+------------------------------+--------------+

    * Memory: 
    +----------------+-------------------------------------------------------------------------------+---------+---+----+-----+-------+-----+------+-------------+
    |     Memory     |                                     Module                                    | BRAM_18K| FF| LUT| URAM| Words | Bits| Banks| W*Bits*Banks|
    +----------------+-------------------------------------------------------------------------------+---------+---+----+-----+-------+-----+------+-------------+
    |p_ZL5W_FC1_0_U  |fc1_layer_Pipeline_VITIS_LOOP_151_1_VITIS_LOOP_152_2_p_ZL5W_FC1_0_ROM_AUTO_1R  |       16|  0|   0|    0|  12544|    8|     1|       100352|
    |p_ZL5W_FC1_1_U  |fc1_layer_Pipeline_VITIS_LOOP_151_1_VITIS_LOOP_152_2_p_ZL5W_FC1_1_ROM_AUTO_1R  |       16|  0|   0|    0|  12544|    8|     1|       100352|
    +----------------+-------------------------------------------------------------------------------+---------+---+----+-----+-------+-----+------+-------------+
    |Total           |                                                                               |       32|  0|   0|    0|  25088|   16|     2|       200704|
    +----------------+-------------------------------------------------------------------------------+---------+---+----+-----+-------+-----+------+-------------+

    * FIFO: 
    N/A

    * Expression: 
    +--------------------------+----------+----+---+----+------------+------------+
    |       Variable Name      | Operation| DSP| FF| LUT| Bitwidth P0| Bitwidth P1|
    +--------------------------+----------+----+---+----+------------+------------+
    |acc_V_2_fu_868_p2         |         +|   0|  0|  32|          25|          25|
    |add_ln151_1_fu_392_p2     |         +|   0|  0|  14|           7|           1|
    |add_ln151_fu_404_p2       |         +|   0|  0|  13|           5|           1|
    |add_ln152_fu_468_p2       |         +|   0|  0|  11|           3|           1|
    |add_ln156_1_fu_684_p2     |         +|   0|  0|  12|          11|           2|
    |add_ln156_2_fu_722_p2     |         +|   0|  0|  12|          11|           3|
    |add_ln156_fu_576_p2       |         +|   0|  0|  12|          11|           1|
    |add_ln157_fu_462_p2       |         +|   0|  0|   7|           7|           7|
    |add_ln186_1_fu_627_p2     |         +|   0|  0|  12|          11|           2|
    |add_ln186_2_fu_752_p2     |         +|   0|  0|  12|          11|           2|
    |add_ln186_3_fu_565_p2     |         +|   0|  0|  17|          14|          14|
    |add_ln186_4_fu_595_p2     |         +|   0|  0|  17|          14|          14|
    |add_ln186_5_fu_616_p2     |         +|   0|  0|  17|          14|          14|
    |add_ln186_6_fu_703_p2     |         +|   0|  0|  17|          14|          14|
    |add_ln186_7_fu_637_p2     |         +|   0|  0|  17|          14|          14|
    |add_ln186_8_fu_741_p2     |         +|   0|  0|  17|          14|          14|
    |add_ln186_9_fu_761_p2     |         +|   0|  0|  17|          14|          14|
    |add_ln186_fu_606_p2       |         +|   0|  0|  12|          11|           1|
    |add_ln840_4_fu_850_p2     |         +|   0|  0|  18|          18|          18|
    |add_ln840_5_fu_856_p2     |         +|   0|  0|  18|          18|          18|
    |empty_340_fu_503_p2       |         -|   0|  0|  14|           7|           7|
    |sub_ln157_fu_448_p2       |         -|   0|  0|   7|           7|           7|
    |icmp_ln151_fu_386_p2      |      icmp|   0|  0|  10|           7|           6|
    |icmp_ln152_fu_410_p2      |      icmp|   0|  0|   8|           3|           2|
    |or_ln157_1_fu_538_p2      |        or|   0|  0|   9|           9|           2|
    |or_ln157_2_fu_549_p2      |        or|   0|  0|   9|           9|           2|
    |or_ln157_fu_648_p2        |        or|   0|  0|   9|           9|           1|
    |select_ln151_1_fu_424_p3  |    select|   0|  0|   5|           1|           5|
    |select_ln151_fu_416_p3    |    select|   0|  0|   3|           1|           1|
    |ap_enable_pp0             |       xor|   0|  0|   2|           1|           2|
    +--------------------------+----------+----+---+----+------------+------------+
    |Total                     |          |   0|  0| 380|         301|         215|
    +--------------------------+----------+----+---+----+------------+------------+

    * Multiplexer: 
    +------------------------------------------------------+----+-----------+-----+-----------+
    |                         Name                         | LUT| Input Size| Bits| Total Bits|
    +------------------------------------------------------+----+-----------+-----+-----------+
    |acc_V_fu_86                                           |   9|          2|   25|         50|
    |ap_NS_fsm                                             |  14|          3|    1|          3|
    |ap_done_int                                           |   9|          2|    1|          2|
    |ap_enable_reg_pp0_iter0                               |   9|          2|    1|          2|
    |ap_enable_reg_pp0_iter1                               |   9|          2|    1|          2|
    |ap_enable_reg_pp0_iter5                               |   9|          2|    1|          2|
    |ap_loop_exit_ready_pp0_iter1_reg                      |   9|          2|    1|          2|
    |ap_loop_exit_ready_pp0_iter2_reg                      |   9|          2|    1|          2|
    |ap_loop_exit_ready_pp0_iter3_reg                      |   9|          2|    1|          2|
    |ap_loop_exit_ready_pp0_iter4_reg                      |   9|          2|    1|          2|
    |ap_sig_allocacmp_c_load                               |   9|          2|    5|         10|
    |ap_sig_allocacmp_indvar_flatten_load                  |   9|          2|    7|         14|
    |ap_sig_allocacmp_y_load                               |   9|          2|    3|          6|
    |c_fu_94                                               |   9|          2|    5|         10|
    |cnn_accel_ap_int_8_const_ap_uint_4_pool2_58_address0  |  14|          3|    9|         27|
    |cnn_accel_ap_int_8_const_ap_uint_4_pool2_address0     |  14|          3|    9|         27|
    |cnn_accel_ap_int_8_const_ap_uint_4_pool2_address1     |  14|          3|    9|         27|
    |grp_fu_341_p3                                         |  14|          3|    1|          3|
    |grp_fu_350_p3                                         |  14|          3|    1|          3|
    |indvar_flatten_fu_98                                  |   9|          2|    7|         14|
    |p_ZL5W_FC1_0_address0                                 |  14|          3|   14|         42|
    |p_ZL5W_FC1_0_address1                                 |  14|          3|   14|         42|
    |p_ZL5W_FC1_0_address2                                 |  14|          3|   14|         42|
    |p_ZL5W_FC1_1_address0                                 |  14|          3|   14|         42|
    |p_ZL5W_FC1_1_address1                                 |  14|          3|   14|         42|
    |p_ZL5W_FC1_1_address2                                 |  14|          3|   14|         42|
    |y_fu_90                                               |   9|          2|    3|          6|
    +------------------------------------------------------+----+-----------+-----+-----------+
    |Total                                                 | 303|         66|  177|        468|
    +------------------------------------------------------+----+-----------+-----+-----------+

    * Register: 
    +-------------------------------------------------------------+----+----+-----+-----------+
    |                             Name                            | FF | LUT| Bits| Const Bits|
    +-------------------------------------------------------------+----+----+-----+-----------+
    |acc_V_fu_86                                                  |  25|   0|   25|          0|
    |add_ln157_reg_982                                            |   7|   0|    7|          0|
    |add_ln157_reg_982_pp0_iter1_reg                              |   7|   0|    7|          0|
    |add_ln840_2_reg_1246                                         |  17|   0|   17|          0|
    |add_ln840_5_reg_1251                                         |  18|   0|   18|          0|
    |ap_CS_fsm                                                    |   2|   0|    2|          0|
    |ap_done_reg                                                  |   1|   0|    1|          0|
    |ap_enable_reg_pp0_iter0_reg                                  |   1|   0|    1|          0|
    |ap_enable_reg_pp0_iter1                                      |   1|   0|    1|          0|
    |ap_enable_reg_pp0_iter2                                      |   1|   0|    1|          0|
    |ap_enable_reg_pp0_iter3                                      |   1|   0|    1|          0|
    |ap_enable_reg_pp0_iter4                                      |   1|   0|    1|          0|
    |ap_enable_reg_pp0_iter5                                      |   1|   0|    1|          0|
    |ap_loop_exit_ready_pp0_iter1_reg                             |   1|   0|    1|          0|
    |ap_loop_exit_ready_pp0_iter2_reg                             |   1|   0|    1|          0|
    |ap_loop_exit_ready_pp0_iter3_reg                             |   1|   0|    1|          0|
    |ap_loop_exit_ready_pp0_iter4_reg                             |   1|   0|    1|          0|
    |c_fu_94                                                      |   5|   0|    5|          0|
    |cnn_accel_ap_int_8_const_ap_uint_4_pool2_58_load_1_reg_1196  |   8|   0|    8|          0|
    |cnn_accel_ap_int_8_const_ap_uint_4_pool2_58_load_2_reg_1151  |   8|   0|    8|          0|
    |cnn_accel_ap_int_8_const_ap_uint_4_pool2_58_load_reg_1066    |   8|   0|    8|          0|
    |cnn_accel_ap_int_8_const_ap_uint_4_pool2_load_3_reg_1166     |   8|   0|    8|          0|
    |cnn_accel_ap_int_8_const_ap_uint_4_pool2_load_reg_1046       |   8|   0|    8|          0|
    |empty_341_reg_1009                                           |  11|   0|   11|          0|
    |icmp_ln151_reg_967                                           |   1|   0|    1|          0|
    |indvar_flatten_fu_98                                         |   7|   0|    7|          0|
    |mul_ln840_5_reg_1231                                         |  16|   0|   16|          0|
    |mul_ln840_reg_1181                                           |  16|   0|   16|          0|
    |select_ln151_reg_971                                         |   3|   0|    3|          0|
    |sext_ln186_1_reg_1051                                        |  11|   0|   11|          0|
    |tmp_2_reg_1126                                               |   8|   0|    8|          0|
    |tmp_3_reg_1201                                               |   8|   0|    8|          0|
    |tmp_5_reg_1206                                               |   8|   0|    8|          0|
    |tmp_9_reg_992                                                |   7|   0|    9|          2|
    |tmp_reg_1111                                                 |   8|   0|    8|          0|
    |trunc_ln186_1_reg_1016                                       |  10|   0|   10|          0|
    |trunc_ln186_reg_1022                                         |   1|   0|    1|          0|
    |trunc_ln186_reg_1022_pp0_iter2_reg                           |   1|   0|    1|          0|
    |y_fu_90                                                      |   3|   0|    3|          0|
    |icmp_ln151_reg_967                                           |  64|  32|    1|          0|
    +-------------------------------------------------------------+----+----+-----+-----------+
    |Total                                                        | 315|  32|  254|          2|
    +-------------------------------------------------------------+----+----+-----+-----------+



================================================================
== Interface
================================================================
* Summary: 
+------------------------------------------------------+-----+-----+------------+------------------------------------------------------+--------------+
|                       RTL Ports                      | Dir | Bits|  Protocol  |                     Source Object                    |    C Type    |
+------------------------------------------------------+-----+-----+------------+------------------------------------------------------+--------------+
|ap_clk                                                |   in|    1|  ap_ctrl_hs|  fc1_layer_Pipeline_VITIS_LOOP_151_1_VITIS_LOOP_152_2|  return value|
|ap_rst                                                |   in|    1|  ap_ctrl_hs|  fc1_layer_Pipeline_VITIS_LOOP_151_1_VITIS_LOOP_152_2|  return value|
|ap_start                                              |   in|    1|  ap_ctrl_hs|  fc1_layer_Pipeline_VITIS_LOOP_151_1_VITIS_LOOP_152_2|  return value|
|ap_done                                               |  out|    1|  ap_ctrl_hs|  fc1_layer_Pipeline_VITIS_LOOP_151_1_VITIS_LOOP_152_2|  return value|
|ap_idle                                               |  out|    1|  ap_ctrl_hs|  fc1_layer_Pipeline_VITIS_LOOP_151_1_VITIS_LOOP_152_2|  return value|
|ap_ready                                              |  out|    1|  ap_ctrl_hs|  fc1_layer_Pipeline_VITIS_LOOP_151_1_VITIS_LOOP_152_2|  return value|
|sext_ln150                                            |   in|    9|     ap_none|                                            sext_ln150|        scalar|
|phi_mul                                               |   in|   14|     ap_none|                                               phi_mul|        scalar|
|acc_V_2_out                                           |  out|   25|      ap_vld|                                           acc_V_2_out|       pointer|
|acc_V_2_out_ap_vld                                    |  out|    1|      ap_vld|                                           acc_V_2_out|       pointer|
|cnn_accel_ap_int_8_const_ap_uint_4_pool2_address0     |  out|    9|   ap_memory|              cnn_accel_ap_int_8_const_ap_uint_4_pool2|         array|
|cnn_accel_ap_int_8_const_ap_uint_4_pool2_ce0          |  out|    1|   ap_memory|              cnn_accel_ap_int_8_const_ap_uint_4_pool2|         array|
|cnn_accel_ap_int_8_const_ap_uint_4_pool2_q0           |   in|    8|   ap_memory|              cnn_accel_ap_int_8_const_ap_uint_4_pool2|         array|
|cnn_accel_ap_int_8_const_ap_uint_4_pool2_address1     |  out|    9|   ap_memory|              cnn_accel_ap_int_8_const_ap_uint_4_pool2|         array|
|cnn_accel_ap_int_8_const_ap_uint_4_pool2_ce1          |  out|    1|   ap_memory|              cnn_accel_ap_int_8_const_ap_uint_4_pool2|         array|
|cnn_accel_ap_int_8_const_ap_uint_4_pool2_q1           |   in|    8|   ap_memory|              cnn_accel_ap_int_8_const_ap_uint_4_pool2|         array|
|cnn_accel_ap_int_8_const_ap_uint_4_pool2_58_address0  |  out|    9|   ap_memory|           cnn_accel_ap_int_8_const_ap_uint_4_pool2_58|         array|
|cnn_accel_ap_int_8_const_ap_uint_4_pool2_58_ce0       |  out|    1|   ap_memory|           cnn_accel_ap_int_8_const_ap_uint_4_pool2_58|         array|
|cnn_accel_ap_int_8_const_ap_uint_4_pool2_58_q0        |   in|    8|   ap_memory|           cnn_accel_ap_int_8_const_ap_uint_4_pool2_58|         array|
|cnn_accel_ap_int_8_const_ap_uint_4_pool2_58_address1  |  out|    9|   ap_memory|           cnn_accel_ap_int_8_const_ap_uint_4_pool2_58|         array|
|cnn_accel_ap_int_8_const_ap_uint_4_pool2_58_ce1       |  out|    1|   ap_memory|           cnn_accel_ap_int_8_const_ap_uint_4_pool2_58|         array|
|cnn_accel_ap_int_8_const_ap_uint_4_pool2_58_q1        |   in|    8|   ap_memory|           cnn_accel_ap_int_8_const_ap_uint_4_pool2_58|         array|
+------------------------------------------------------+-----+-----+------------+------------------------------------------------------+--------------+

