

================================================================
== Vitis HLS Report for 'cnn_accel_Pipeline_pool1_loop_VITIS_LOOP_58_1_VITIS_LOOP_59_2'
================================================================
* Date:           Thu Jul  2 01:26:13 2026

* Version:        2022.2 (Build 3670227 on Oct 13 2022)
* Project:        hls_minst_cnn
* Solution:       solution2 (Vivado IP Flow Target)
* Product family: zynq
* Target device:  xc7z020-clg400-1


================================================================
== Performance Estimates
================================================================
+ Timing: 
    * Summary: 
    +--------+----------+----------+------------+
    |  Clock |  Target  | Estimated| Uncertainty|
    +--------+----------+----------+------------+
    |ap_clk  |  10.00 ns|  7.250 ns|     2.70 ns|
    +--------+----------+----------+------------+

+ Latency: 
    * Summary: 
    +---------+---------+-----------+-----------+------+------+---------+
    |  Latency (cycles) |   Latency (absolute)  |   Interval  | Pipeline|
    |   min   |   max   |    min    |    max    |  min |  max |   Type  |
    +---------+---------+-----------+-----------+------+------+---------+
    |     1577|     1577|  15.770 us|  15.770 us|  1577|  1577|       no|
    +---------+---------+-----------+-----------+------+------+---------+

    + Detail: 
        * Instance: 
        N/A

        * Loop: 
        +----------------------------------------------+---------+---------+----------+-----------+-----------+------+----------+
        |                                              |  Latency (cycles) | Iteration|  Initiation Interval  | Trip |          |
        |                   Loop Name                  |   min   |   max   |  Latency |  achieved |   target  | Count| Pipelined|
        +----------------------------------------------+---------+---------+----------+-----------+-----------+------+----------+
        |- pool1_loop_VITIS_LOOP_58_1_VITIS_LOOP_59_2  |     1575|     1575|         8|          1|          1|  1568|       yes|
        +----------------------------------------------+---------+---------+----------+-----------+-----------+------+----------+



================================================================
== Utilization Estimates
================================================================
* Summary: 
+-----------------+---------+-----+--------+-------+-----+
|       Name      | BRAM_18K| DSP |   FF   |  LUT  | URAM|
+-----------------+---------+-----+--------+-------+-----+
|DSP              |        -|    -|       -|      -|    -|
|Expression       |        -|    -|       0|    296|    -|
|FIFO             |        -|    -|       -|      -|    -|
|Instance         |        -|    0|     204|    171|    -|
|Memory           |        -|    -|       -|      -|    -|
|Multiplexer      |        -|    -|       -|     99|    -|
|Register         |        -|    -|     527|    192|    -|
+-----------------+---------+-----+--------+-------+-----+
|Total            |        0|    0|     731|    758|    0|
+-----------------+---------+-----+--------+-------+-----+
|Available        |      280|  220|  106400|  53200|    0|
+-----------------+---------+-----+--------+-------+-----+
|Utilization (%)  |        0|    0|      ~0|      1|    0|
+-----------------+---------+-----+--------+-------+-----+

+ Detail: 
    * Instance: 
    +------------------------+--------------------+---------+----+----+----+-----+
    |        Instance        |       Module       | BRAM_18K| DSP| FF | LUT| URAM|
    +------------------------+--------------------+---------+----+----+----+-----+
    |mul_4ns_6ns_9_1_1_U34   |mul_4ns_6ns_9_1_1   |        0|   0|   0|  26|    0|
    |mul_4ns_6ns_9_1_1_U35   |mul_4ns_6ns_9_1_1   |        0|   0|   0|  26|    0|
    |mul_4ns_6ns_9_1_1_U36   |mul_4ns_6ns_9_1_1   |        0|   0|   0|  26|    0|
    |urem_4ns_3ns_2_8_1_U31  |urem_4ns_3ns_2_8_1  |        0|   0|  68|  31|    0|
    |urem_4ns_3ns_2_8_1_U32  |urem_4ns_3ns_2_8_1  |        0|   0|  68|  31|    0|
    |urem_4ns_3ns_2_8_1_U33  |urem_4ns_3ns_2_8_1  |        0|   0|  68|  31|    0|
    +------------------------+--------------------+---------+----+----+----+-----+
    |Total                   |                    |        0|   0| 204| 171|    0|
    +------------------------+--------------------+---------+----+----+----+-----+

    * DSP: 
    N/A

    * Memory: 
    N/A

    * FIFO: 
    N/A

    * Expression: 
    +-------------------------+----------+----+---+----+------------+------------+
    |      Variable Name      | Operation| DSP| FF| LUT| Bitwidth P0| Bitwidth P1|
    +-------------------------+----------+----+---+----+------------+------------+
    |add_ln57_1_fu_329_p2     |         +|   0|  0|  12|          11|           1|
    |add_ln57_fu_513_p2       |         +|   0|  0|  13|           4|           1|
    |add_ln58_1_fu_416_p2     |         +|   0|  0|  15|           8|           1|
    |add_ln58_fu_370_p2       |         +|   0|  0|  13|           4|           1|
    |add_ln59_fu_410_p2       |         +|   0|  0|  13|           4|           1|
    |add_ln61_1_fu_688_p2     |         +|   0|  0|  12|          12|          12|
    |add_ln61_fu_605_p2       |         +|   0|  0|  13|          10|          10|
    |add_ln62_fu_708_p2       |         +|   0|  0|  12|          12|          12|
    |add_ln68_1_fu_640_p2     |         +|   0|  0|   7|           7|           7|
    |add_ln68_2_fu_662_p2     |         +|   0|  0|   8|           8|           8|
    |add_ln68_3_fu_671_p2     |         +|   0|  0|   8|           8|           8|
    |add_ln68_fu_564_p2       |         +|   0|  0|   7|           7|           7|
    |sub_ln61_1_fu_631_p2     |         -|   0|  0|  12|          12|          12|
    |sub_ln61_fu_592_p2       |         -|   0|  0|  14|           9|           9|
    |and_ln57_fu_364_p2       |       and|   0|  0|   2|           1|           1|
    |icmp_ln1035_1_fu_732_p2  |      icmp|   0|  0|  11|           8|           8|
    |icmp_ln1035_2_fu_766_p2  |      icmp|   0|  0|  11|           8|           8|
    |icmp_ln1035_fu_718_p2    |      icmp|   0|  0|  11|           8|           8|
    |icmp_ln57_fu_323_p2      |      icmp|   0|  0|  11|          11|          10|
    |icmp_ln58_fu_338_p2      |      icmp|   0|  0|  11|           8|           7|
    |icmp_ln59_fu_358_p2      |      icmp|   0|  0|   9|           4|           3|
    |or_ln58_fu_376_p2        |        or|   0|  0|   2|           1|           1|
    |or_ln62_fu_698_p2        |        or|   0|  0|   5|           5|           1|
    |m_V_5_fu_724_p3          |    select|   0|  0|   8|           1|           8|
    |m_V_7_fu_737_p3          |    select|   0|  0|   8|           1|           8|
    |m_V_8_fu_770_p3          |    select|   0|  0|   8|           1|           8|
    |select_ln57_1_fu_519_p3  |    select|   0|  0|   4|           1|           4|
    |select_ln57_2_fu_473_p3  |    select|   0|  0|   4|           1|           1|
    |select_ln57_3_fu_748_p3  |    select|   0|  0|   2|           1|           1|
    |select_ln57_fu_344_p3    |    select|   0|  0|   4|           1|           1|
    |select_ln58_1_fu_390_p3  |    select|   0|  0|   4|           1|           4|
    |select_ln58_2_fu_503_p3  |    select|   0|  0|   4|           1|           4|
    |select_ln58_3_fu_759_p3  |    select|   0|  0|   2|           1|           2|
    |select_ln58_4_fu_422_p3  |    select|   0|  0|   8|           1|           1|
    |select_ln58_fu_382_p3    |    select|   0|  0|   4|           1|           1|
    |ap_enable_pp0            |       xor|   0|  0|   2|           1|           2|
    |xor_ln57_fu_352_p2       |       xor|   0|  0|   2|           1|           2|
    +-------------------------+----------+----+---+----+------------+------------+
    |Total                    |          |   0|  0| 296|         184|         184|
    +-------------------------+----------+----+---+----+------------+------------+

    * Multiplexer: 
    +----------------------------------------+----+-----------+-----+-----------+
    |                  Name                  | LUT| Input Size| Bits| Total Bits|
    +----------------------------------------+----+-----------+-----+-----------+
    |ap_done_int                             |   9|          2|    1|          2|
    |ap_loop_exit_ready_pp0_iter7_reg        |   9|          2|    1|          2|
    |ap_sig_allocacmp_indvar_flatten21_load  |   9|          2|   11|         22|
    |ap_sig_allocacmp_indvar_flatten_load    |   9|          2|    8|         16|
    |ap_sig_allocacmp_x_load                 |   9|          2|    4|          8|
    |ap_sig_allocacmp_y_5                    |   9|          2|    4|          8|
    |c_fu_108                                |   9|          2|    4|          8|
    |indvar_flatten21_fu_112                 |   9|          2|   11|         22|
    |indvar_flatten_fu_104                   |   9|          2|    8|         16|
    |x_fu_96                                 |   9|          2|    4|          8|
    |y_fu_100                                |   9|          2|    4|          8|
    +----------------------------------------+----+-----------+-----+-----------+
    |Total                                   |  99|         22|   60|        120|
    +----------------------------------------+----+-----------+-----+-----------+

    * Register: 
    +-------------------------------------+----+----+-----+-----------+
    |                 Name                | FF | LUT| Bits| Const Bits|
    +-------------------------------------+----+----+-----+-----------+
    |add_ln58_reg_859                     |   4|   0|    4|          0|
    |add_ln68_3_reg_901                   |   8|   0|    8|          0|
    |and_ln57_reg_853                     |   1|   0|    1|          0|
    |ap_CS_fsm                            |   1|   0|    1|          0|
    |ap_done_reg                          |   1|   0|    1|          0|
    |ap_enable_reg_pp0_iter1              |   1|   0|    1|          0|
    |ap_enable_reg_pp0_iter2              |   1|   0|    1|          0|
    |ap_enable_reg_pp0_iter3              |   1|   0|    1|          0|
    |ap_enable_reg_pp0_iter4              |   1|   0|    1|          0|
    |ap_enable_reg_pp0_iter5              |   1|   0|    1|          0|
    |ap_enable_reg_pp0_iter6              |   1|   0|    1|          0|
    |ap_enable_reg_pp0_iter7              |   1|   0|    1|          0|
    |ap_loop_exit_ready_pp0_iter1_reg     |   1|   0|    1|          0|
    |ap_loop_exit_ready_pp0_iter2_reg     |   1|   0|    1|          0|
    |ap_loop_exit_ready_pp0_iter3_reg     |   1|   0|    1|          0|
    |ap_loop_exit_ready_pp0_iter4_reg     |   1|   0|    1|          0|
    |ap_loop_exit_ready_pp0_iter5_reg     |   1|   0|    1|          0|
    |ap_loop_exit_ready_pp0_iter6_reg     |   1|   0|    1|          0|
    |ap_loop_exit_ready_pp0_iter7_reg     |   1|   0|    1|          0|
    |c_fu_108                             |   4|   0|    4|          0|
    |icmp_ln57_reg_842                    |   1|   0|    1|          0|
    |icmp_ln58_reg_846                    |   1|   0|    1|          0|
    |indvar_flatten21_fu_112              |  11|   0|   11|          0|
    |indvar_flatten_fu_104                |   8|   0|    8|          0|
    |m_V_5_reg_936                        |   8|   0|    8|          0|
    |m_V_7_reg_948                        |   8|   0|    8|          0|
    |select_ln57_1_reg_882                |   4|   0|    4|          0|
    |select_ln58_1_reg_872                |   4|   0|    4|          0|
    |select_ln58_2_reg_877                |   3|   0|    4|          1|
    |select_ln58_2_reg_877_pp0_iter2_reg  |   3|   0|    4|          1|
    |select_ln58_reg_865                  |   4|   0|    4|          0|
    |sub_ln61_1_reg_895                   |  10|   0|   12|          2|
    |tmp_299_reg_890                      |   3|   0|    3|          0|
    |v3_V_reg_942                         |   8|   0|    8|          0|
    |x_fu_96                              |   4|   0|    4|          0|
    |y_5_reg_836                          |   4|   0|    4|          0|
    |y_fu_100                             |   4|   0|    4|          0|
    |zext_ln61_4_reg_906                  |  11|   0|   64|         53|
    |zext_ln62_1_reg_916                  |  11|   0|   64|         53|
    |add_ln68_3_reg_901                   |  64|  32|    8|          0|
    |and_ln57_reg_853                     |  64|  32|    1|          0|
    |icmp_ln57_reg_842                    |  64|  32|    1|          0|
    |icmp_ln58_reg_846                    |  64|  32|    1|          0|
    |select_ln58_1_reg_872                |  64|  32|    4|          0|
    |select_ln58_reg_865                  |  64|  32|    4|          0|
    +-------------------------------------+----+----+-----+-----------+
    |Total                                | 527| 192|  272|        110|
    +-------------------------------------+----+----+-----+-----------+



================================================================
== Interface
================================================================
* Summary: 
+------------------------------------------------------------------+-----+-----+------------+---------------------------------------------------------------+--------------+
|                             RTL Ports                            | Dir | Bits|  Protocol  |                         Source Object                         |    C Type    |
+------------------------------------------------------------------+-----+-----+------------+---------------------------------------------------------------+--------------+
|ap_clk                                                            |   in|    1|  ap_ctrl_hs|  cnn_accel_Pipeline_pool1_loop_VITIS_LOOP_58_1_VITIS_LOOP_59_2|  return value|
|ap_rst                                                            |   in|    1|  ap_ctrl_hs|  cnn_accel_Pipeline_pool1_loop_VITIS_LOOP_58_1_VITIS_LOOP_59_2|  return value|
|ap_start                                                          |   in|    1|  ap_ctrl_hs|  cnn_accel_Pipeline_pool1_loop_VITIS_LOOP_58_1_VITIS_LOOP_59_2|  return value|
|ap_done                                                           |  out|    1|  ap_ctrl_hs|  cnn_accel_Pipeline_pool1_loop_VITIS_LOOP_58_1_VITIS_LOOP_59_2|  return value|
|ap_idle                                                           |  out|    1|  ap_ctrl_hs|  cnn_accel_Pipeline_pool1_loop_VITIS_LOOP_58_1_VITIS_LOOP_59_2|  return value|
|ap_ready                                                          |  out|    1|  ap_ctrl_hs|  cnn_accel_Pipeline_pool1_loop_VITIS_LOOP_58_1_VITIS_LOOP_59_2|  return value|
|p_ZZ9cnn_accelPK6ap_intILi8EER7ap_uintILi4EEE5pool1_0_0_address0  |  out|    8|   ap_memory|        p_ZZ9cnn_accelPK6ap_intILi8EER7ap_uintILi4EEE5pool1_0_0|         array|
|p_ZZ9cnn_accelPK6ap_intILi8EER7ap_uintILi4EEE5pool1_0_0_ce0       |  out|    1|   ap_memory|        p_ZZ9cnn_accelPK6ap_intILi8EER7ap_uintILi4EEE5pool1_0_0|         array|
|p_ZZ9cnn_accelPK6ap_intILi8EER7ap_uintILi4EEE5pool1_0_0_we0       |  out|    1|   ap_memory|        p_ZZ9cnn_accelPK6ap_intILi8EER7ap_uintILi4EEE5pool1_0_0|         array|
|p_ZZ9cnn_accelPK6ap_intILi8EER7ap_uintILi4EEE5pool1_0_0_d0        |  out|    8|   ap_memory|        p_ZZ9cnn_accelPK6ap_intILi8EER7ap_uintILi4EEE5pool1_0_0|         array|
|cnn_accel_ap_int_8_const_ap_uint_4_conv1_address0                 |  out|   12|   ap_memory|                       cnn_accel_ap_int_8_const_ap_uint_4_conv1|         array|
|cnn_accel_ap_int_8_const_ap_uint_4_conv1_ce0                      |  out|    1|   ap_memory|                       cnn_accel_ap_int_8_const_ap_uint_4_conv1|         array|
|cnn_accel_ap_int_8_const_ap_uint_4_conv1_q0                       |   in|    8|   ap_memory|                       cnn_accel_ap_int_8_const_ap_uint_4_conv1|         array|
|cnn_accel_ap_int_8_const_ap_uint_4_conv1_address1                 |  out|   12|   ap_memory|                       cnn_accel_ap_int_8_const_ap_uint_4_conv1|         array|
|cnn_accel_ap_int_8_const_ap_uint_4_conv1_ce1                      |  out|    1|   ap_memory|                       cnn_accel_ap_int_8_const_ap_uint_4_conv1|         array|
|cnn_accel_ap_int_8_const_ap_uint_4_conv1_q1                       |   in|    8|   ap_memory|                       cnn_accel_ap_int_8_const_ap_uint_4_conv1|         array|
|cnn_accel_ap_int_8_const_ap_uint_4_conv1_1_address0               |  out|   12|   ap_memory|                     cnn_accel_ap_int_8_const_ap_uint_4_conv1_1|         array|
|cnn_accel_ap_int_8_const_ap_uint_4_conv1_1_ce0                    |  out|    1|   ap_memory|                     cnn_accel_ap_int_8_const_ap_uint_4_conv1_1|         array|
|cnn_accel_ap_int_8_const_ap_uint_4_conv1_1_q0                     |   in|    8|   ap_memory|                     cnn_accel_ap_int_8_const_ap_uint_4_conv1_1|         array|
|cnn_accel_ap_int_8_const_ap_uint_4_conv1_1_address1               |  out|   12|   ap_memory|                     cnn_accel_ap_int_8_const_ap_uint_4_conv1_1|         array|
|cnn_accel_ap_int_8_const_ap_uint_4_conv1_1_ce1                    |  out|    1|   ap_memory|                     cnn_accel_ap_int_8_const_ap_uint_4_conv1_1|         array|
|cnn_accel_ap_int_8_const_ap_uint_4_conv1_1_q1                     |   in|    8|   ap_memory|                     cnn_accel_ap_int_8_const_ap_uint_4_conv1_1|         array|
|p_ZZ9cnn_accelPK6ap_intILi8EER7ap_uintILi4EEE5pool1_0_1_address0  |  out|    8|   ap_memory|        p_ZZ9cnn_accelPK6ap_intILi8EER7ap_uintILi4EEE5pool1_0_1|         array|
|p_ZZ9cnn_accelPK6ap_intILi8EER7ap_uintILi4EEE5pool1_0_1_ce0       |  out|    1|   ap_memory|        p_ZZ9cnn_accelPK6ap_intILi8EER7ap_uintILi4EEE5pool1_0_1|         array|
|p_ZZ9cnn_accelPK6ap_intILi8EER7ap_uintILi4EEE5pool1_0_1_we0       |  out|    1|   ap_memory|        p_ZZ9cnn_accelPK6ap_intILi8EER7ap_uintILi4EEE5pool1_0_1|         array|
|p_ZZ9cnn_accelPK6ap_intILi8EER7ap_uintILi4EEE5pool1_0_1_d0        |  out|    8|   ap_memory|        p_ZZ9cnn_accelPK6ap_intILi8EER7ap_uintILi4EEE5pool1_0_1|         array|
|p_ZZ9cnn_accelPK6ap_intILi8EER7ap_uintILi4EEE5pool1_0_2_address0  |  out|    8|   ap_memory|        p_ZZ9cnn_accelPK6ap_intILi8EER7ap_uintILi4EEE5pool1_0_2|         array|
|p_ZZ9cnn_accelPK6ap_intILi8EER7ap_uintILi4EEE5pool1_0_2_ce0       |  out|    1|   ap_memory|        p_ZZ9cnn_accelPK6ap_intILi8EER7ap_uintILi4EEE5pool1_0_2|         array|
|p_ZZ9cnn_accelPK6ap_intILi8EER7ap_uintILi4EEE5pool1_0_2_we0       |  out|    1|   ap_memory|        p_ZZ9cnn_accelPK6ap_intILi8EER7ap_uintILi4EEE5pool1_0_2|         array|
|p_ZZ9cnn_accelPK6ap_intILi8EER7ap_uintILi4EEE5pool1_0_2_d0        |  out|    8|   ap_memory|        p_ZZ9cnn_accelPK6ap_intILi8EER7ap_uintILi4EEE5pool1_0_2|         array|
|p_ZZ9cnn_accelPK6ap_intILi8EER7ap_uintILi4EEE5pool1_1_0_address0  |  out|    8|   ap_memory|        p_ZZ9cnn_accelPK6ap_intILi8EER7ap_uintILi4EEE5pool1_1_0|         array|
|p_ZZ9cnn_accelPK6ap_intILi8EER7ap_uintILi4EEE5pool1_1_0_ce0       |  out|    1|   ap_memory|        p_ZZ9cnn_accelPK6ap_intILi8EER7ap_uintILi4EEE5pool1_1_0|         array|
|p_ZZ9cnn_accelPK6ap_intILi8EER7ap_uintILi4EEE5pool1_1_0_we0       |  out|    1|   ap_memory|        p_ZZ9cnn_accelPK6ap_intILi8EER7ap_uintILi4EEE5pool1_1_0|         array|
|p_ZZ9cnn_accelPK6ap_intILi8EER7ap_uintILi4EEE5pool1_1_0_d0        |  out|    8|   ap_memory|        p_ZZ9cnn_accelPK6ap_intILi8EER7ap_uintILi4EEE5pool1_1_0|         array|
|p_ZZ9cnn_accelPK6ap_intILi8EER7ap_uintILi4EEE5pool1_1_1_address0  |  out|    8|   ap_memory|        p_ZZ9cnn_accelPK6ap_intILi8EER7ap_uintILi4EEE5pool1_1_1|         array|
|p_ZZ9cnn_accelPK6ap_intILi8EER7ap_uintILi4EEE5pool1_1_1_ce0       |  out|    1|   ap_memory|        p_ZZ9cnn_accelPK6ap_intILi8EER7ap_uintILi4EEE5pool1_1_1|         array|
|p_ZZ9cnn_accelPK6ap_intILi8EER7ap_uintILi4EEE5pool1_1_1_we0       |  out|    1|   ap_memory|        p_ZZ9cnn_accelPK6ap_intILi8EER7ap_uintILi4EEE5pool1_1_1|         array|
|p_ZZ9cnn_accelPK6ap_intILi8EER7ap_uintILi4EEE5pool1_1_1_d0        |  out|    8|   ap_memory|        p_ZZ9cnn_accelPK6ap_intILi8EER7ap_uintILi4EEE5pool1_1_1|         array|
|p_ZZ9cnn_accelPK6ap_intILi8EER7ap_uintILi4EEE5pool1_1_2_address0  |  out|    8|   ap_memory|        p_ZZ9cnn_accelPK6ap_intILi8EER7ap_uintILi4EEE5pool1_1_2|         array|
|p_ZZ9cnn_accelPK6ap_intILi8EER7ap_uintILi4EEE5pool1_1_2_ce0       |  out|    1|   ap_memory|        p_ZZ9cnn_accelPK6ap_intILi8EER7ap_uintILi4EEE5pool1_1_2|         array|
|p_ZZ9cnn_accelPK6ap_intILi8EER7ap_uintILi4EEE5pool1_1_2_we0       |  out|    1|   ap_memory|        p_ZZ9cnn_accelPK6ap_intILi8EER7ap_uintILi4EEE5pool1_1_2|         array|
|p_ZZ9cnn_accelPK6ap_intILi8EER7ap_uintILi4EEE5pool1_1_2_d0        |  out|    8|   ap_memory|        p_ZZ9cnn_accelPK6ap_intILi8EER7ap_uintILi4EEE5pool1_1_2|         array|
|p_ZZ9cnn_accelPK6ap_intILi8EER7ap_uintILi4EEE5pool1_2_0_address0  |  out|    8|   ap_memory|        p_ZZ9cnn_accelPK6ap_intILi8EER7ap_uintILi4EEE5pool1_2_0|         array|
|p_ZZ9cnn_accelPK6ap_intILi8EER7ap_uintILi4EEE5pool1_2_0_ce0       |  out|    1|   ap_memory|        p_ZZ9cnn_accelPK6ap_intILi8EER7ap_uintILi4EEE5pool1_2_0|         array|
|p_ZZ9cnn_accelPK6ap_intILi8EER7ap_uintILi4EEE5pool1_2_0_we0       |  out|    1|   ap_memory|        p_ZZ9cnn_accelPK6ap_intILi8EER7ap_uintILi4EEE5pool1_2_0|         array|
|p_ZZ9cnn_accelPK6ap_intILi8EER7ap_uintILi4EEE5pool1_2_0_d0        |  out|    8|   ap_memory|        p_ZZ9cnn_accelPK6ap_intILi8EER7ap_uintILi4EEE5pool1_2_0|         array|
|p_ZZ9cnn_accelPK6ap_intILi8EER7ap_uintILi4EEE5pool1_2_1_address0  |  out|    8|   ap_memory|        p_ZZ9cnn_accelPK6ap_intILi8EER7ap_uintILi4EEE5pool1_2_1|         array|
|p_ZZ9cnn_accelPK6ap_intILi8EER7ap_uintILi4EEE5pool1_2_1_ce0       |  out|    1|   ap_memory|        p_ZZ9cnn_accelPK6ap_intILi8EER7ap_uintILi4EEE5pool1_2_1|         array|
|p_ZZ9cnn_accelPK6ap_intILi8EER7ap_uintILi4EEE5pool1_2_1_we0       |  out|    1|   ap_memory|        p_ZZ9cnn_accelPK6ap_intILi8EER7ap_uintILi4EEE5pool1_2_1|         array|
|p_ZZ9cnn_accelPK6ap_intILi8EER7ap_uintILi4EEE5pool1_2_1_d0        |  out|    8|   ap_memory|        p_ZZ9cnn_accelPK6ap_intILi8EER7ap_uintILi4EEE5pool1_2_1|         array|
|p_ZZ9cnn_accelPK6ap_intILi8EER7ap_uintILi4EEE5pool1_2_2_address0  |  out|    8|   ap_memory|        p_ZZ9cnn_accelPK6ap_intILi8EER7ap_uintILi4EEE5pool1_2_2|         array|
|p_ZZ9cnn_accelPK6ap_intILi8EER7ap_uintILi4EEE5pool1_2_2_ce0       |  out|    1|   ap_memory|        p_ZZ9cnn_accelPK6ap_intILi8EER7ap_uintILi4EEE5pool1_2_2|         array|
|p_ZZ9cnn_accelPK6ap_intILi8EER7ap_uintILi4EEE5pool1_2_2_we0       |  out|    1|   ap_memory|        p_ZZ9cnn_accelPK6ap_intILi8EER7ap_uintILi4EEE5pool1_2_2|         array|
|p_ZZ9cnn_accelPK6ap_intILi8EER7ap_uintILi4EEE5pool1_2_2_d0        |  out|    8|   ap_memory|        p_ZZ9cnn_accelPK6ap_intILi8EER7ap_uintILi4EEE5pool1_2_2|         array|
+------------------------------------------------------------------+-----+-----+------------+---------------------------------------------------------------+--------------+

